{"logTime": "0407/074834", "correlationVector":"X9Z+YQslxVezgLh0nwILXX.80","action":"GetUpdates", "result":"DeleteReceived", "context":{"id":"b141e0e6-5195-4033-ac1c-643fe400c0f9", "isDeleted:":"true", "version":"1679639217503"}}
{"logTime": "0407/074834", "correlationVector":"X9Z+YQslxVezgLh0nwILXX.81","action":"GetUpdates", "result":"DeleteReceived", "context":{"id":"79265040-b8c7-4651-a5a2-5ce7ebf0befb", "isDeleted:":"true", "version":"1679642930106"}}
{"logTime": "0407/074834", "correlationVector":"X9Z+YQslxVezgLh0nwILXX.82","action":"GetUpdates", "result":"DeleteReceived", "context":{"id":"36ca22b9-0c95-4756-a364-f8d1f00ffdc9", "isDeleted:":"true", "version":"1679642930107"}}
{"logTime": "0407/074834", "correlationVector":"X9Z+YQslxVezgLh0nwILXX.83","action":"GetUpdates", "result":"DeleteReceived", "context":{"id":"a2a752dc-e4c1-4109-b174-edc7564e150c", "isDeleted:":"true", "version":"1679642930108"}}
{"logTime": "0407/074834", "correlationVector":"X9Z+YQslxVezgLh0nwILXX.84","action":"GetUpdates", "result":"DeleteReceived", "context":{"id":"0ab8a8de-ec24-4e62-a8ed-ec25176e05cc", "isDeleted:":"true", "version":"1679642930109"}}
{"logTime": "0407/074834", "correlationVector":"X9Z+YQslxVezgLh0nwILXX.85","action":"GetUpdates", "result":"DeleteReceived", "context":{"id":"07d2dd95-f451-472a-808b-add331b302ef", "isDeleted:":"true", "version":"1679642976315"}}
{"logTime": "0407/074834", "correlationVector":"X9Z+YQslxVezgLh0nwILXX.86","action":"GetUpdates", "result":"DeleteReceived", "context":{"id":"28e03ba8-0868-45b6-bca1-238a07524d1d", "isDeleted:":"true", "version":"1679662865739"}}
{"logTime": "0407/074834", "correlationVector":"X9Z+YQslxVezgLh0nwILXX.87","action":"GetUpdates", "result":"DeleteReceived", "context":{"id":"32dbf002-098d-45cd-8dd5-cbeb814499b4", "isDeleted:":"true", "version":"1679664357712"}}
{"logTime": "0407/074834", "correlationVector":"X9Z+YQslxVezgLh0nwILXX.88","action":"GetUpdates", "result":"DeleteReceived", "context":{"id":"b044cb06-b4fd-4572-aa72-43dbcd3629e8", "isDeleted:":"true", "version":"1679664357713"}}
{"logTime": "0407/074834", "correlationVector":"X9Z+YQslxVezgLh0nwILXX.89","action":"GetUpdates", "result":"DeleteReceived", "context":{"id":"d65926b7-1701-41d0-ab7c-4ac7d1405a4a", "isDeleted:":"true", "version":"1679664692359"}}
{"logTime": "0407/074834", "correlationVector":"X9Z+YQslxVezgLh0nwILXX.90","action":"GetUpdates", "result":"DeleteReceived", "context":{"id":"a26dc79e-f2e9-4b9c-8c1d-649789d472ba", "isDeleted:":"true", "version":"1679664692360"}}
{"logTime": "0407/074834", "correlationVector":"X9Z+YQslxVezgLh0nwILXX.91","action":"GetUpdates", "result":"DeleteReceived", "context":{"id":"910334ce-3bd0-4d06-90ee-f152be71d170", "isDeleted:":"true", "version":"1679664692361"}}
{"logTime": "0407/074834", "correlationVector":"X9Z+YQslxVezgLh0nwILXX.92","action":"GetUpdates", "result":"DeleteReceived", "context":{"id":"9749b222-46c0-4e31-9b92-799127bf1dd4", "isDeleted:":"true", "version":"1679664692362"}}
{"logTime": "0407/074834", "correlationVector":"X9Z+YQslxVezgLh0nwILXX.93","action":"GetUpdates", "result":"DeleteReceived", "context":{"id":"ce94228c-cb5c-407f-a86b-b638ae4d5d90", "isDeleted:":"true", "version":"1679664692364"}}
{"logTime": "0407/074834", "correlationVector":"X9Z+YQslxVezgLh0nwILXX.94","action":"GetUpdates", "result":"DeleteReceived", "context":{"id":"7307439f-68c3-4a57-8591-eed10d4e9b4d", "isDeleted:":"true", "version":"1679664692365"}}
{"logTime": "0407/074834", "correlationVector":"X9Z+YQslxVezgLh0nwILXX.95","action":"GetUpdates", "result":"DeleteReceived", "context":{"id":"8c6fb6b4-b0c0-4bde-a21a-1be2ba5042b3", "isDeleted:":"true", "version":"1679664692366"}}
{"logTime": "0407/074834", "correlationVector":"X9Z+YQslxVezgLh0nwILXX.96","action":"GetUpdates", "result":"DeleteReceived", "context":{"id":"ae77dfa6-a5b2-46cd-b37e-6d79c8c98128", "isDeleted:":"true", "version":"1679666173086"}}
{"logTime": "0407/074834", "correlationVector":"X9Z+YQslxVezgLh0nwILXX.97","action":"GetUpdates", "result":"DeleteReceived", "context":{"id":"bbf37470-559f-4d27-88bd-ecab03b5dd33", "isDeleted:":"true", "version":"1679708510621"}}
{"logTime": "0407/074834", "correlationVector":"X9Z+YQslxVezgLh0nwILXX.98","action":"GetUpdates", "result":"DeleteReceived", "context":{"id":"c8983ce4-c5fa-4890-92c3-7a6766a11bfd", "isDeleted:":"true", "version":"1679708510622"}}
{"logTime": "0407/074834", "correlationVector":"X9Z+YQslxVezgLh0nwILXX.99","action":"GetUpdates", "result":"DeleteReceived", "context":{"id":"def349f5-328c-4e85-aa7d-2048feac10f9", "isDeleted:":"true", "version":"1679708510624"}}
{"logTime": "0407/074834", "correlationVector":"X9Z+YQslxVezgLh0nwILXX.100","action":"GetUpdates", "result":"DeleteReceived", "context":{"id":"a7839a1e-c9ae-4c12-9cb9-563a8152d925", "isDeleted:":"true", "version":"1679708510625"}}
{"logTime": "0407/074834", "correlationVector":"X9Z+YQslxVezgLh0nwILXX.101","action":"GetUpdates", "result":"DeleteReceived", "context":{"id":"2d173c13-4eb0-4f30-9ef5-8662238f9e34", "isDeleted:":"true", "version":"1679708510626"}}
{"logTime": "0407/074834", "correlationVector":"X9Z+YQslxVezgLh0nwILXX.102","action":"GetUpdates", "result":"DeleteReceived", "context":{"id":"9e429fd9-ccb2-447e-ac36-d9291a83ac4f", "isDeleted:":"true", "version":"1679708510627"}}
{"logTime": "0407/074834", "correlationVector":"X9Z+YQslxVezgLh0nwILXX.103","action":"GetUpdates", "result":"DeleteReceived", "context":{"id":"3eeeca0a-27d7-4f9f-8317-c31a95f2f570", "isDeleted:":"true", "version":"1679709316867"}}
{"logTime": "0407/074834", "correlationVector":"X9Z+YQslxVezgLh0nwILXX.104","action":"GetUpdates", "result":"DeleteReceived", "context":{"id":"5e88e4fb-b0d9-48ed-8646-6d1c55f3a6dd", "isDeleted:":"true", "version":"1679709366657"}}
{"logTime": "0407/074834", "correlationVector":"X9Z+YQslxVezgLh0nwILXX.105","action":"GetUpdates", "result":"DeleteReceived", "context":{"id":"253b12cf-2447-44e9-8ac2-b3010768e118", "isDeleted:":"true", "version":"1679709366658"}}
{"logTime": "0407/074834", "correlationVector":"X9Z+YQslxVezgLh0nwILXX.106","action":"GetUpdates", "result":"DeleteReceived", "context":{"id":"260a0019-a152-42df-9d64-64b188bec2cd", "isDeleted:":"true", "version":"1679709366659"}}
{"logTime": "0407/074834", "correlationVector":"X9Z+YQslxVezgLh0nwILXX.107","action":"GetUpdates", "result":"DeleteReceived", "context":{"id":"ad301dab-0e55-4d80-a564-e3a1748274a7", "isDeleted:":"true", "version":"1679709974102"}}
{"logTime": "0407/074834", "correlationVector":"X9Z+YQslxVezgLh0nwILXX.108","action":"GetUpdates", "result":"DeleteReceived", "context":{"id":"b01fb4f8-e4cc-4710-bf5f-c5596f703318", "isDeleted:":"true", "version":"1679709974103"}}
{"logTime": "0407/074834", "correlationVector":"X9Z+YQslxVezgLh0nwILXX.109","action":"GetUpdates", "result":"DeleteReceived", "context":{"id":"0fb73434-5657-47bd-a813-28466cbfe887", "isDeleted:":"true", "version":"1679709974104"}}
{"logTime": "0407/074834", "correlationVector":"X9Z+YQslxVezgLh0nwILXX.110","action":"GetUpdates", "result":"DeleteReceived", "context":{"id":"e72e41dc-ca1f-4af8-8fa1-6e63ace15123", "isDeleted:":"true", "version":"1679709974105"}}
{"logTime": "0407/074834", "correlationVector":"X9Z+YQslxVezgLh0nwILXX.111","action":"GetUpdates", "result":"DeleteReceived", "context":{"id":"075fea02-bff1-4160-8432-3178fe0d4e58", "isDeleted:":"true", "version":"1679710707386"}}
{"logTime": "0407/074834", "correlationVector":"X9Z+YQslxVezgLh0nwILXX.112","action":"GetUpdates", "result":"DeleteReceived", "context":{"id":"60e2693d-daa3-4877-a0e7-e39c265e938d", "isDeleted:":"true", "version":"1679710835916"}}
{"logTime": "0407/074834", "correlationVector":"X9Z+YQslxVezgLh0nwILXX.113","action":"GetUpdates", "result":"DeleteReceived", "context":{"id":"bf4e508a-44c2-4d95-9ceb-796d0928fb44", "isDeleted:":"true", "version":"1679711935619"}}
{"logTime": "0407/074834", "correlationVector":"X9Z+YQslxVezgLh0nwILXX.114","action":"GetUpdates", "result":"DeleteReceived", "context":{"id":"5f46d9ab-8e93-4d42-8290-ea4a393065ff", "isDeleted:":"true", "version":"1679714955853"}}
{"logTime": "0407/074834", "correlationVector":"X9Z+YQslxVezgLh0nwILXX.115","action":"GetUpdates", "result":"DeleteReceived", "context":{"id":"6b6dbfd8-a3be-4f2b-a0c0-285e3ef1dfcd", "isDeleted:":"true", "version":"1679714955854"}}
{"logTime": "0407/074834", "correlationVector":"X9Z+YQslxVezgLh0nwILXX.116","action":"GetUpdates", "result":"DeleteReceived", "context":{"id":"d2e22657-82dc-4ea6-ba53-acb0f4c4cbb6", "isDeleted:":"true", "version":"1679714955855"}}
{"logTime": "0407/074834", "correlationVector":"X9Z+YQslxVezgLh0nwILXX.117","action":"GetUpdates", "result":"DeleteReceived", "context":{"id":"10179c1e-0a3c-4e0c-9366-a6dd8e10792a", "isDeleted:":"true", "version":"1679716168279"}}
{"logTime": "0407/074834", "correlationVector":"X9Z+YQslxVezgLh0nwILXX.118","action":"GetUpdates", "result":"DeleteReceived", "context":{"id":"f15e475a-8a7e-4a1e-a116-ac05ea5c3b43", "isDeleted:":"true", "version":"1679716168280"}}
{"logTime": "0407/074834", "correlationVector":"X9Z+YQslxVezgLh0nwILXX.119","action":"GetUpdates", "result":"DeleteReceived", "context":{"id":"5f00dd5c-9014-4a99-abfd-4dff8b912137", "isDeleted:":"true", "version":"1679725093424"}}
{"logTime": "0407/074834", "correlationVector":"X9Z+YQslxVezgLh0nwILXX.120","action":"GetUpdates", "result":"DeleteReceived", "context":{"id":"b3e0e09d-82e8-4651-a7ec-7eac12bdc3a4", "isDeleted:":"true", "version":"1679725093425"}}
{"logTime": "0407/074834", "correlationVector":"X9Z+YQslxVezgLh0nwILXX.121","action":"GetUpdates", "result":"DeleteReceived", "context":{"id":"cd40adc9-9090-41cf-9255-4b64705ce734", "isDeleted:":"true", "version":"1679725093426"}}
{"logTime": "0407/074834", "correlationVector":"X9Z+YQslxVezgLh0nwILXX.122","action":"GetUpdates", "result":"DeleteReceived", "context":{"id":"ab1ede50-bd6a-494e-8554-181e05b27bb7", "isDeleted:":"true", "version":"1679725093427"}}
{"logTime": "0407/074834", "correlationVector":"X9Z+YQslxVezgLh0nwILXX.123","action":"GetUpdates", "result":"DeleteReceived", "context":{"id":"2d23bd5f-8e0f-4abf-9960-6fa618b7a0b0", "isDeleted:":"true", "version":"1679725093428"}}
{"logTime": "0407/074834", "correlationVector":"X9Z+YQslxVezgLh0nwILXX.124","action":"GetUpdates", "result":"DeleteReceived", "context":{"id":"abc16a89-cc6c-44b8-9c33-1d1080037e95", "isDeleted:":"true", "version":"1679725093430"}}
{"logTime": "0407/074834", "correlationVector":"X9Z+YQslxVezgLh0nwILXX.125","action":"GetUpdates", "result":"DeleteReceived", "context":{"id":"0b128923-7f32-454d-9418-b194d562764c", "isDeleted:":"true", "version":"1679725128132"}}
{"logTime": "0407/074834", "correlationVector":"X9Z+YQslxVezgLh0nwILXX.126","action":"GetUpdates", "result":"DeleteReceived", "context":{"id":"a8985616-fee8-46fe-b7d2-616fdeda8abc", "isDeleted:":"true", "version":"1679725128133"}}
{"logTime": "0407/074834", "correlationVector":"X9Z+YQslxVezgLh0nwILXX.127","action":"GetUpdates", "result":"DeleteReceived", "context":{"id":"b783d1b8-54c8-40e9-af9e-60b7e15ff647", "isDeleted:":"true", "version":"1679725128134"}}
{"logTime": "0407/074834", "correlationVector":"X9Z+YQslxVezgLh0nwILXX.128","action":"GetUpdates", "result":"DeleteReceived", "context":{"id":"77a1a16f-1b75-4b87-92dc-4b036020a052", "isDeleted:":"true", "version":"1679725128135"}}
{"logTime": "0407/074834", "correlationVector":"X9Z+YQslxVezgLh0nwILXX.129","action":"GetUpdates", "result":"DeleteReceived", "context":{"id":"73e3df92-9b8c-4cf0-963a-df4ab40407c2", "isDeleted:":"true", "version":"1679726199171"}}
{"logTime": "0407/074834", "correlationVector":"X9Z+YQslxVezgLh0nwILXX.130","action":"GetUpdates", "result":"DeleteReceived", "context":{"id":"a8782db8-7df5-435e-8c03-e75ccaa04ac8", "isDeleted:":"true", "version":"1679726199172"}}
{"logTime": "0407/074834", "correlationVector":"X9Z+YQslxVezgLh0nwILXX.131","action":"GetUpdates", "result":"DeleteReceived", "context":{"id":"a8563189-5a85-49a5-8564-d73ee5850272", "isDeleted:":"true", "version":"1679726328917"}}
{"logTime": "0407/074834", "correlationVector":"X9Z+YQslxVezgLh0nwILXX.132","action":"GetUpdates", "result":"DeleteReceived", "context":{"id":"eb081939-fed1-489d-a5cd-d32621251f9f", "isDeleted:":"true", "version":"1679727120929"}}
{"logTime": "0407/074834", "correlationVector":"X9Z+YQslxVezgLh0nwILXX.133","action":"GetUpdates", "result":"DeleteReceived", "context":{"id":"4612e1d6-cf48-4662-ba43-c314d3b5aa8e", "isDeleted:":"true", "version":"1679733457811"}}
{"logTime": "0407/074834", "correlationVector":"X9Z+YQslxVezgLh0nwILXX.134","action":"GetUpdates", "result":"DeleteReceived", "context":{"id":"ca7d4097-6254-401b-a1d6-e618a77cf36a", "isDeleted:":"true", "version":"1679733457812"}}
{"logTime": "0407/074834", "correlationVector":"X9Z+YQslxVezgLh0nwILXX.135","action":"GetUpdates", "result":"DeleteReceived", "context":{"id":"cd6ca83d-eab0-48c4-9cfd-b8bd9b0b98ca", "isDeleted:":"true", "version":"1679733457813"}}
{"logTime": "0407/074834", "correlationVector":"X9Z+YQslxVezgLh0nwILXX.136","action":"GetUpdates", "result":"DeleteReceived", "context":{"id":"ee9f7deb-47f7-4ded-b592-61ca880d2856", "isDeleted:":"true", "version":"1679733457814"}}
{"logTime": "0407/074834", "correlationVector":"X9Z+YQslxVezgLh0nwILXX.137","action":"GetUpdates", "result":"DeleteReceived", "context":{"id":"d82abc47-8c9d-45a8-a3c8-28c5c3dbdbb5", "isDeleted:":"true", "version":"1679733457815"}}
{"logTime": "0407/074834", "correlationVector":"X9Z+YQslxVezgLh0nwILXX.138","action":"GetUpdates", "result":"DeleteReceived", "context":{"id":"5ba9f8ef-f724-4ba4-bbcf-4345ab2fc584", "isDeleted:":"true", "version":"1679733457816"}}
{"logTime": "0407/074834", "correlationVector":"X9Z+YQslxVezgLh0nwILXX.139","action":"GetUpdates", "result":"DeleteReceived", "context":{"id":"44a18034-b232-4abd-ba7c-d09cdd13114f", "isDeleted:":"true", "version":"1679733457817"}}
{"logTime": "0407/074834", "correlationVector":"X9Z+YQslxVezgLh0nwILXX.140","action":"GetUpdates", "result":"DeleteReceived", "context":{"id":"c557a493-0f38-47a1-890c-47633de68900", "isDeleted:":"true", "version":"1679733457818"}}
{"logTime": "0407/074834", "correlationVector":"X9Z+YQslxVezgLh0nwILXX.141","action":"GetUpdates", "result":"DeleteReceived", "context":{"id":"81179ae6-2e97-43b8-af19-03de68a734e2", "isDeleted:":"true", "version":"1679746481782"}}
{"logTime": "0407/074834", "correlationVector":"X9Z+YQslxVezgLh0nwILXX.142","action":"GetUpdates", "result":"DeleteReceived", "context":{"id":"3a7cbd3c-0bf8-4e44-aa70-9421fffcd376", "isDeleted:":"true", "version":"1679746481783"}}
{"logTime": "0407/074834", "correlationVector":"X9Z+YQslxVezgLh0nwILXX.143","action":"GetUpdates", "result":"DeleteReceived", "context":{"id":"cafe6ffb-0078-4d20-80f8-cec82a60f56d", "isDeleted:":"true", "version":"1679746481784"}}
{"logTime": "0407/074834", "correlationVector":"X9Z+YQslxVezgLh0nwILXX.144","action":"GetUpdates", "result":"DeleteReceived", "context":{"id":"e53f3b6c-9d21-4730-bb36-101eeeebeb07", "isDeleted:":"true", "version":"1679747214425"}}
{"logTime": "0407/074834", "correlationVector":"X9Z+YQslxVezgLh0nwILXX.145","action":"GetUpdates", "result":"DeleteReceived", "context":{"id":"7fcb5496-233c-4c14-8ed2-5d0726a83c2f", "isDeleted:":"true", "version":"1679750348730"}}
{"logTime": "0407/074834", "correlationVector":"X9Z+YQslxVezgLh0nwILXX.146","action":"GetUpdates", "result":"DeleteReceived", "context":{"id":"2e18e48b-e74e-44a2-9687-17a2bc0904ce", "isDeleted:":"true", "version":"1679750382366"}}
{"logTime": "0407/074834", "correlationVector":"X9Z+YQslxVezgLh0nwILXX.147","action":"GetUpdates", "result":"DeleteReceived", "context":{"id":"beddb07d-d9cc-4a75-80a3-5343139fbce2", "isDeleted:":"true", "version":"1679751537000"}}
{"logTime": "0407/074834", "correlationVector":"X9Z+YQslxVezgLh0nwILXX.148","action":"GetUpdates", "result":"DeleteReceived", "context":{"id":"74d1d38d-273f-4ffc-a54e-a20f1ea68463", "isDeleted:":"true", "version":"1679753037861"}}
{"logTime": "0407/074834", "correlationVector":"X9Z+YQslxVezgLh0nwILXX.149","action":"GetUpdates", "result":"DeleteReceived", "context":{"id":"95535ff7-4aa9-4bad-ab10-a73b6b202500", "isDeleted:":"true", "version":"1679753037862"}}
{"logTime": "0407/074834", "correlationVector":"X9Z+YQslxVezgLh0nwILXX.150","action":"GetUpdates", "result":"DeleteReceived", "context":{"id":"8fb82522-e8ca-4294-a71d-24dccadfc0b6", "isDeleted:":"true", "version":"1679753037863"}}
{"logTime": "0407/074834", "correlationVector":"X9Z+YQslxVezgLh0nwILXX.151","action":"GetUpdates", "result":"DeleteReceived", "context":{"id":"0564bd9c-75a6-4418-9cf8-48297e33a7a1", "isDeleted:":"true", "version":"1679753037864"}}
{"logTime": "0407/074834", "correlationVector":"X9Z+YQslxVezgLh0nwILXX.152","action":"GetUpdates", "result":"DeleteReceived", "context":{"id":"0af42c33-87c6-4a81-ac9a-61838c076f61", "isDeleted:":"true", "version":"1679753037865"}}
{"logTime": "0407/074834", "correlationVector":"X9Z+YQslxVezgLh0nwILXX.153","action":"GetUpdates", "result":"DeleteReceived", "context":{"id":"8dbfdee3-c2ae-4341-af74-71c695b42e2a", "isDeleted:":"true", "version":"1679753037867"}}
{"logTime": "0407/074834", "correlationVector":"X9Z+YQslxVezgLh0nwILXX.154","action":"GetUpdates", "result":"DeleteReceived", "context":{"id":"7897acc8-e9eb-40c2-acc4-944e902f7758", "isDeleted:":"true", "version":"1679753037872"}}
{"logTime": "0407/074834", "correlationVector":"X9Z+YQslxVezgLh0nwILXX.155","action":"GetUpdates", "result":"DeleteReceived", "context":{"id":"f7a8d25b-3788-4ff4-81aa-6fdd31c91c38", "isDeleted:":"true", "version":"1679753037874"}}
{"logTime": "0407/074834", "correlationVector":"X9Z+YQslxVezgLh0nwILXX.156","action":"GetUpdates", "result":"DeleteReceived", "context":{"id":"00cb41ff-f9a5-409b-8ad8-395fc7376b3b", "isDeleted:":"true", "version":"1679753037876"}}
{"logTime": "0407/074834", "correlationVector":"X9Z+YQslxVezgLh0nwILXX.157","action":"GetUpdates", "result":"DeleteReceived", "context":{"id":"c0492aef-fecf-4701-b876-9084f56f0979", "isDeleted:":"true", "version":"1679753038785"}}
{"logTime": "0407/074834", "correlationVector":"X9Z+YQslxVezgLh0nwILXX.158","action":"GetUpdates", "result":"DeleteReceived", "context":{"id":"afefd703-5e29-4391-875e-bbb81fd61528", "isDeleted:":"true", "version":"1679753041474"}}
{"logTime": "0407/074834", "correlationVector":"X9Z+YQslxVezgLh0nwILXX.159","action":"GetUpdates", "result":"DeleteReceived", "context":{"id":"80bc74ee-dad6-4bec-9f1d-a667816a4d26", "isDeleted:":"true", "version":"1679753041476"}}
{"logTime": "0407/074834", "correlationVector":"X9Z+YQslxVezgLh0nwILXX.160","action":"GetUpdates", "result":"DeleteReceived", "context":{"id":"8c6a89b3-5467-416a-9120-c934ac4f8445", "isDeleted:":"true", "version":"1679753041477"}}
{"logTime": "0407/074834", "correlationVector":"X9Z+YQslxVezgLh0nwILXX.161","action":"GetUpdates", "result":"DeleteReceived", "context":{"id":"ee41db0c-89d8-4209-8dc6-05b415b7d93f", "isDeleted:":"true", "version":"1679753103434"}}
{"logTime": "0407/074834", "correlationVector":"X9Z+YQslxVezgLh0nwILXX.162","action":"GetUpdates", "result":"DeleteReceived", "context":{"id":"ad431694-caa9-4ede-b3e5-077a69508ce3", "isDeleted:":"true", "version":"1679753103435"}}
{"logTime": "0407/074834", "correlationVector":"X9Z+YQslxVezgLh0nwILXX.163","action":"GetUpdates", "result":"DeleteReceived", "context":{"id":"9d004641-1f9a-45c2-8cae-c68aa5642f89", "isDeleted:":"true", "version":"1679753103436"}}
{"logTime": "0407/074834", "correlationVector":"X9Z+YQslxVezgLh0nwILXX.164","action":"GetUpdates", "result":"DeleteReceived", "context":{"id":"c04da89a-26df-4daa-abc0-1dc99f344742", "isDeleted:":"true", "version":"1679753103440"}}
{"logTime": "0407/074834", "correlationVector":"X9Z+YQslxVezgLh0nwILXX.165","action":"GetUpdates", "result":"DeleteReceived", "context":{"id":"b5fcf4a7-e1b9-49d7-bdd9-521fa1974d97", "isDeleted:":"true", "version":"1679753165340"}}
{"logTime": "0407/074834", "correlationVector":"X9Z+YQslxVezgLh0nwILXX.166","action":"GetUpdates", "result":"DeleteReceived", "context":{"id":"7a8cc4b8-bf26-4897-987f-2e04de62fb3b", "isDeleted:":"true", "version":"1679753165341"}}
{"logTime": "0407/074834", "correlationVector":"X9Z+YQslxVezgLh0nwILXX.167","action":"GetUpdates", "result":"DeleteReceived", "context":{"id":"6e5d169a-20d2-4493-aa7e-34e371e194e8", "isDeleted:":"true", "version":"1679753196952"}}
{"logTime": "0407/074834", "correlationVector":"X9Z+YQslxVezgLh0nwILXX.168","action":"GetUpdates", "result":"DeleteReceived", "context":{"id":"8b2ce9b2-8de8-46f2-b9b9-33621c446e1d", "isDeleted:":"true", "version":"1679753934937"}}
{"logTime": "0407/074834", "correlationVector":"X9Z+YQslxVezgLh0nwILXX.169","action":"GetUpdates", "result":"DeleteReceived", "context":{"id":"efe6548e-b2db-4421-9343-2aff4a4b1545", "isDeleted:":"true", "version":"1679754779726"}}
{"logTime": "0407/074834", "correlationVector":"X9Z+YQslxVezgLh0nwILXX.170","action":"GetUpdates", "result":"DeleteReceived", "context":{"id":"49fa4d6a-92ca-4c7b-8714-d90a2f5e1a81", "isDeleted:":"true", "version":"1679755983668"}}
{"logTime": "0407/074834", "correlationVector":"X9Z+YQslxVezgLh0nwILXX.171","action":"GetUpdates", "result":"DeleteReceived", "context":{"id":"2785a474-aef9-494c-9832-825c267ee489", "isDeleted:":"true", "version":"1679755983669"}}
{"logTime": "0407/074834", "correlationVector":"X9Z+YQslxVezgLh0nwILXX.172","action":"GetUpdates", "result":"DeleteReceived", "context":{"id":"1620ef02-c611-42c7-bc56-e056c6e6c6af", "isDeleted:":"true", "version":"1679755983670"}}
{"logTime": "0407/074834", "correlationVector":"X9Z+YQslxVezgLh0nwILXX.173","action":"GetUpdates", "result":"DeleteReceived", "context":{"id":"80c37928-8137-42ad-aaf0-3a0409e87f9e", "isDeleted:":"true", "version":"1679755983671"}}
{"logTime": "0407/074834", "correlationVector":"X9Z+YQslxVezgLh0nwILXX.174","action":"GetUpdates", "result":"DeleteReceived", "context":{"id":"d5cdde4d-454f-4932-a422-feea1388da8d", "isDeleted:":"true", "version":"1679755983672"}}
{"logTime": "0407/074834", "correlationVector":"X9Z+YQslxVezgLh0nwILXX.175","action":"GetUpdates", "result":"DeleteReceived", "context":{"id":"9dccc549-b68e-47b6-bc07-b16c80c2417b", "isDeleted:":"true", "version":"1679755983675"}}
{"logTime": "0407/074834", "correlationVector":"X9Z+YQslxVezgLh0nwILXX.176","action":"GetUpdates", "result":"DeleteReceived", "context":{"id":"d43a101e-a786-41ac-8466-5ab4933a6394", "isDeleted:":"true", "version":"1679755983676"}}
{"logTime": "0407/074834", "correlationVector":"X9Z+YQslxVezgLh0nwILXX.177","action":"GetUpdates", "result":"DeleteReceived", "context":{"id":"c55929dc-d8a0-412f-9405-8c2c78bdec2d", "isDeleted:":"true", "version":"1679756014130"}}
{"logTime": "0407/074834", "correlationVector":"X9Z+YQslxVezgLh0nwILXX.178","action":"GetUpdates", "result":"DeleteReceived", "context":{"id":"e808f16c-eda0-403c-b4ce-7285fd5aaf39", "isDeleted:":"true", "version":"1679756701892"}}
{"logTime": "0407/074834", "correlationVector":"X9Z+YQslxVezgLh0nwILXX.179","action":"GetUpdates", "result":"DeleteReceived", "context":{"id":"1b9a23c3-a87f-43b3-95cc-ecff7d864a30", "isDeleted:":"true", "version":"1679759990562"}}
{"logTime": "0407/074834", "correlationVector":"X9Z+YQslxVezgLh0nwILXX.180","action":"GetUpdates", "result":"DeleteReceived", "context":{"id":"10189064-2ed1-4dae-a775-bfcf5e62cf2a", "isDeleted:":"true", "version":"1679759990563"}}
{"logTime": "0407/074834", "correlationVector":"X9Z+YQslxVezgLh0nwILXX.181","action":"GetUpdates", "result":"DeleteReceived", "context":{"id":"c1d2b44f-8d02-4970-b5eb-6d40f28d0533", "isDeleted:":"true", "version":"1679760777202"}}
{"logTime": "0407/074834", "correlationVector":"X9Z+YQslxVezgLh0nwILXX.182","action":"GetUpdates", "result":"DeleteReceived", "context":{"id":"704ca333-0b27-484f-bab0-66eea0852172", "isDeleted:":"true", "version":"1679760777204"}}
{"logTime": "0407/074834", "correlationVector":"X9Z+YQslxVezgLh0nwILXX.183","action":"GetUpdates", "result":"DeleteReceived", "context":{"id":"238100e8-5d0d-48dd-932f-0a323d1fc2b2", "isDeleted:":"true", "version":"1679760829998"}}
{"logTime": "0407/074834", "correlationVector":"X9Z+YQslxVezgLh0nwILXX.184","action":"GetUpdates", "result":"DeleteReceived", "context":{"id":"ed7be8d3-ada2-4ffe-9327-4f2820726205", "isDeleted:":"true", "version":"1679762542601"}}
{"logTime": "0407/074834", "correlationVector":"X9Z+YQslxVezgLh0nwILXX.185","action":"GetUpdates", "result":"DeleteReceived", "context":{"id":"17706990-1f43-48e5-affa-10cdbe6f25b1", "isDeleted:":"true", "version":"1679764897815"}}
{"logTime": "0407/074834", "correlationVector":"X9Z+YQslxVezgLh0nwILXX.186","action":"GetUpdates", "result":"DeleteReceived", "context":{"id":"f4723364-2ad9-4a18-9507-ba4f7f4a7d1a", "isDeleted:":"true", "version":"1679764897816"}}
{"logTime": "0407/074834", "correlationVector":"X9Z+YQslxVezgLh0nwILXX.187","action":"GetUpdates", "result":"DeleteReceived", "context":{"id":"0755b9fa-eb07-499a-98c1-c45dba8088f0", "isDeleted:":"true", "version":"1679765069439"}}
{"logTime": "0407/074834", "correlationVector":"X9Z+YQslxVezgLh0nwILXX.188","action":"GetUpdates", "result":"DeleteReceived", "context":{"id":"7f6299c2-5fda-4dec-b224-b76b1c757cb0", "isDeleted:":"true", "version":"1679796132197"}}
{"logTime": "0407/074834", "correlationVector":"X9Z+YQslxVezgLh0nwILXX.189","action":"GetUpdates", "result":"DeleteReceived", "context":{"id":"e7bfa514-9c6d-4e0e-adaa-3008d99adb03", "isDeleted:":"true", "version":"1679796132198"}}
{"logTime": "0407/074834", "correlationVector":"X9Z+YQslxVezgLh0nwILXX.190","action":"GetUpdates", "result":"DeleteReceived", "context":{"id":"0993bc10-7001-47f8-b107-61978df02ce8", "isDeleted:":"true", "version":"1679796132199"}}
{"logTime": "0407/074834", "correlationVector":"X9Z+YQslxVezgLh0nwILXX.191","action":"GetUpdates", "result":"DeleteReceived", "context":{"id":"6cc37001-3895-4a76-9fcb-9239453bc08a", "isDeleted:":"true", "version":"1679796132200"}}
{"logTime": "0407/074834", "correlationVector":"X9Z+YQslxVezgLh0nwILXX.192","action":"GetUpdates", "result":"DeleteReceived", "context":{"id":"aa1cdbea-8966-4e56-8adc-2420fea257b1", "isDeleted:":"true", "version":"1679796132201"}}
{"logTime": "0407/074834", "correlationVector":"X9Z+YQslxVezgLh0nwILXX.193","action":"GetUpdates", "result":"DeleteReceived", "context":{"id":"fbb4ab4b-794f-41e3-987f-3cc6ff5739aa", "isDeleted:":"true", "version":"1679796132203"}}
{"logTime": "0407/074834", "correlationVector":"X9Z+YQslxVezgLh0nwILXX.194","action":"GetUpdates", "result":"DeleteReceived", "context":{"id":"d57f61a0-6bee-4aa7-817e-5bac284b34ee", "isDeleted:":"true", "version":"1679796409539"}}
{"logTime": "0407/074834", "correlationVector":"X9Z+YQslxVezgLh0nwILXX.195","action":"GetUpdates", "result":"DeleteReceived", "context":{"id":"1a8366d7-afb8-42a3-ae38-55bafa657d3a", "isDeleted:":"true", "version":"1679797201893"}}
{"logTime": "0407/074834", "correlationVector":"X9Z+YQslxVezgLh0nwILXX.196","action":"GetUpdates", "result":"DeleteReceived", "context":{"id":"d0f14111-c50a-4df9-a700-1bd7341665d4", "isDeleted:":"true", "version":"1679797295246"}}
{"logTime": "0407/074834", "correlationVector":"X9Z+YQslxVezgLh0nwILXX.197","action":"GetUpdates", "result":"DeleteReceived", "context":{"id":"662f9740-190b-4820-bf6d-c8b27df83189", "isDeleted:":"true", "version":"1679798258674"}}
{"logTime": "0407/074834", "correlationVector":"X9Z+YQslxVezgLh0nwILXX.198","action":"GetUpdates", "result":"DeleteReceived", "context":{"id":"f473373e-9b53-4880-b656-b67e8d679304", "isDeleted:":"true", "version":"1679798536926"}}
{"logTime": "0407/074834", "correlationVector":"X9Z+YQslxVezgLh0nwILXX.199","action":"GetUpdates", "result":"DeleteReceived", "context":{"id":"e512ed88-db07-4269-b4bd-2c503861eb19", "isDeleted:":"true", "version":"1679804456548"}}
{"logTime": "0407/074834", "correlationVector":"X9Z+YQslxVezgLh0nwILXX.200","action":"GetUpdates", "result":"DeleteReceived", "context":{"id":"7e26e419-34c9-4d2f-828d-32c92fdc2e6d", "isDeleted:":"true", "version":"1679804697165"}}
{"logTime": "0407/074834", "correlationVector":"X9Z+YQslxVezgLh0nwILXX.201","action":"GetUpdates", "result":"DeleteReceived", "context":{"id":"f426da82-108c-4610-8472-e9e193c9be88", "isDeleted:":"true", "version":"1679805076304"}}
{"logTime": "0407/074834", "correlationVector":"X9Z+YQslxVezgLh0nwILXX.202","action":"GetUpdates", "result":"DeleteReceived", "context":{"id":"2875cebf-510a-4dab-8225-3aad0842d618", "isDeleted:":"true", "version":"1679805082602"}}
{"logTime": "0407/074834", "correlationVector":"X9Z+YQslxVezgLh0nwILXX.203","action":"GetUpdates", "result":"DeleteReceived", "context":{"id":"2d8806e7-5133-4f28-83d6-908a61db4c45", "isDeleted:":"true", "version":"1679805082603"}}
{"logTime": "0407/074834", "correlationVector":"X9Z+YQslxVezgLh0nwILXX.204","action":"GetUpdates", "result":"DeleteReceived", "context":{"id":"81d17219-0794-4d68-abf2-ca721dac69fb", "isDeleted:":"true", "version":"1679805082604"}}
{"logTime": "0407/074834", "correlationVector":"X9Z+YQslxVezgLh0nwILXX.205","action":"GetUpdates", "result":"DeleteReceived", "context":{"id":"c66895d4-6653-40d2-a44e-27a292ea49dc", "isDeleted:":"true", "version":"1679805675730"}}
{"logTime": "0407/074834", "correlationVector":"X9Z+YQslxVezgLh0nwILXX.206","action":"GetUpdates", "result":"DeleteReceived", "context":{"id":"dcf1053d-d1b2-414a-81e9-3c42e27fcdea", "isDeleted:":"true", "version":"1679809220678"}}
{"logTime": "0407/074834", "correlationVector":"X9Z+YQslxVezgLh0nwILXX.207","action":"GetUpdates", "result":"DeleteReceived", "context":{"id":"7286efa4-c30f-4dcc-9334-26a3382c3ba9", "isDeleted:":"true", "version":"1679809220679"}}
{"logTime": "0407/074834", "correlationVector":"X9Z+YQslxVezgLh0nwILXX.208","action":"GetUpdates", "result":"DeleteReceived", "context":{"id":"5b558516-b9c6-4b18-948e-c67764a2dbe6", "isDeleted:":"true", "version":"1679809220680"}}
{"logTime": "0407/074834", "correlationVector":"X9Z+YQslxVezgLh0nwILXX.209","action":"GetUpdates", "result":"DeleteReceived", "context":{"id":"635f9c85-c713-4d23-9bdb-00de6812e16d", "isDeleted:":"true", "version":"1679809220681"}}
{"logTime": "0407/074834", "correlationVector":"X9Z+YQslxVezgLh0nwILXX.210","action":"GetUpdates", "result":"DeleteReceived", "context":{"id":"92903567-b065-414c-bb3f-340cf1b29729", "isDeleted:":"true", "version":"1679809288943"}}
{"logTime": "0407/074834", "correlationVector":"X9Z+YQslxVezgLh0nwILXX.211","action":"GetUpdates", "result":"DeleteReceived", "context":{"id":"74339fbc-5f5d-4d2f-b349-f14388c3c7c3", "isDeleted:":"true", "version":"1679809340975"}}
{"logTime": "0407/074834", "correlationVector":"X9Z+YQslxVezgLh0nwILXX.212","action":"GetUpdates", "result":"DeleteReceived", "context":{"id":"6aabc5cf-ea90-4e3b-8d79-f8fdcb7a082c", "isDeleted:":"true", "version":"1679809447010"}}
{"logTime": "0407/074834", "correlationVector":"X9Z+YQslxVezgLh0nwILXX.213","action":"GetUpdates", "result":"DeleteReceived", "context":{"id":"ae65b60d-ee90-4d80-a4fa-f6bb026d270d", "isDeleted:":"true", "version":"1679809447012"}}
{"logTime": "0407/074834", "correlationVector":"X9Z+YQslxVezgLh0nwILXX.214","action":"GetUpdates", "result":"DeleteReceived", "context":{"id":"ea230b07-6493-4f0b-b8bf-29b0722b671a", "isDeleted:":"true", "version":"1679809447013"}}
{"logTime": "0407/074834", "correlationVector":"X9Z+YQslxVezgLh0nwILXX.215","action":"GetUpdates", "result":"DeleteReceived", "context":{"id":"1d5abf15-8039-4a5c-adeb-d14be7a3eac1", "isDeleted:":"true", "version":"1679809595437"}}
{"logTime": "0407/074834", "correlationVector":"X9Z+YQslxVezgLh0nwILXX.216","action":"GetUpdates", "result":"DeleteReceived", "context":{"id":"1f8dd503-6d81-437d-8742-8e6806f08257", "isDeleted:":"true", "version":"1679809595438"}}
{"logTime": "0407/074834", "correlationVector":"X9Z+YQslxVezgLh0nwILXX.217","action":"GetUpdates", "result":"DeleteReceived", "context":{"id":"5ae7c3a7-7f72-4e9b-a5b5-59d76517e3e3", "isDeleted:":"true", "version":"1679809932322"}}
{"logTime": "0407/074834", "correlationVector":"X9Z+YQslxVezgLh0nwILXX.218","action":"GetUpdates", "result":"DeleteReceived", "context":{"id":"ce3cb53f-9499-4966-8422-fa1b85f7e78e", "isDeleted:":"true", "version":"1679810067938"}}
{"logTime": "0407/074834", "correlationVector":"X9Z+YQslxVezgLh0nwILXX.219","action":"GetUpdates", "result":"DeleteReceived", "context":{"id":"83cc18b7-a203-4725-9fe8-f6517dc24ca5", "isDeleted:":"true", "version":"1679810067940"}}
{"logTime": "0407/074834", "correlationVector":"X9Z+YQslxVezgLh0nwILXX.220","action":"GetUpdates", "result":"DeleteReceived", "context":{"id":"a50c2303-dbc7-4ac2-b896-da146bb13e32", "isDeleted:":"true", "version":"1679810067942"}}
{"logTime": "0407/074834", "correlationVector":"X9Z+YQslxVezgLh0nwILXX.221","action":"GetUpdates", "result":"DeleteReceived", "context":{"id":"36758ae7-f688-4c52-9a1b-fe87c80b45c7", "isDeleted:":"true", "version":"1679810103937"}}
{"logTime": "0407/074834", "correlationVector":"X9Z+YQslxVezgLh0nwILXX.222","action":"GetUpdates", "result":"DeleteReceived", "context":{"id":"16f59db3-f19f-43e8-a523-b115d4dfaab0", "isDeleted:":"true", "version":"1679810134282"}}
{"logTime": "0407/074834", "correlationVector":"X9Z+YQslxVezgLh0nwILXX.223","action":"GetUpdates", "result":"DeleteReceived", "context":{"id":"83e2d1af-cc47-48b2-956f-c0d47af1c0ac", "isDeleted:":"true", "version":"1679810602773"}}
{"logTime": "0407/074834", "correlationVector":"X9Z+YQslxVezgLh0nwILXX.224","action":"GetUpdates", "result":"DeleteReceived", "context":{"id":"0893caa0-baa8-4f42-849d-36dccb13678d", "isDeleted:":"true", "version":"1679810673117"}}
{"logTime": "0407/074834", "correlationVector":"X9Z+YQslxVezgLh0nwILXX.225","action":"GetUpdates", "result":"DeleteReceived", "context":{"id":"3383035b-f19b-4092-8e0b-6e8ad6f429ab", "isDeleted:":"true", "version":"1679829157402"}}
{"logTime": "0407/074834", "correlationVector":"X9Z+YQslxVezgLh0nwILXX.226","action":"GetUpdates", "result":"DeleteReceived", "context":{"id":"6cecd883-ad6e-4660-a754-dfe56d762b04", "isDeleted:":"true", "version":"1679829157403"}}
{"logTime": "0407/074834", "correlationVector":"X9Z+YQslxVezgLh0nwILXX.227","action":"GetUpdates", "result":"DeleteReceived", "context":{"id":"a479fe4a-bc14-4686-b65a-8fd0308f83eb", "isDeleted:":"true", "version":"1679829157404"}}
{"logTime": "0407/074834", "correlationVector":"X9Z+YQslxVezgLh0nwILXX.228","action":"GetUpdates", "result":"DeleteReceived", "context":{"id":"bd9a8838-3b87-455c-ae8d-d4145d7d98e1", "isDeleted:":"true", "version":"1679829157405"}}
{"logTime": "0407/074834", "correlationVector":"X9Z+YQslxVezgLh0nwILXX.229","action":"GetUpdates", "result":"DeleteReceived", "context":{"id":"b7403401-22af-41c2-9214-3be53bd73986", "isDeleted:":"true", "version":"1679829589951"}}
{"logTime": "0407/074834", "correlationVector":"X9Z+YQslxVezgLh0nwILXX.230","action":"GetUpdates", "result":"DeleteReceived", "context":{"id":"22260401-af8c-4695-98e4-fc7e386f3636", "isDeleted:":"true", "version":"1679829589952"}}
{"logTime": "0407/074834", "correlationVector":"X9Z+YQslxVezgLh0nwILXX.231","action":"GetUpdates", "result":"DeleteReceived", "context":{"id":"cbe2b2f3-368e-4ad3-b8a5-e0c456db5c5a", "isDeleted:":"true", "version":"1679831408187"}}
{"logTime": "0407/074834", "correlationVector":"X9Z+YQslxVezgLh0nwILXX.232","action":"GetUpdates", "result":"DeleteReceived", "context":{"id":"a2fbf0af-5be6-40e9-8a2b-d3879321f8b3", "isDeleted:":"true", "version":"1679831408188"}}
{"logTime": "0407/074834", "correlationVector":"X9Z+YQslxVezgLh0nwILXX.233","action":"GetUpdates", "result":"DeleteReceived", "context":{"id":"00630c79-4d7e-45e8-892b-7195d585dac3", "isDeleted:":"true", "version":"1679831408190"}}
{"logTime": "0407/074834", "correlationVector":"X9Z+YQslxVezgLh0nwILXX.234","action":"GetUpdates", "result":"DeleteReceived", "context":{"id":"cc0eefbb-9be1-41cd-8b3b-8251bb39a8de", "isDeleted:":"true", "version":"1679831408191"}}
{"logTime": "0407/074834", "correlationVector":"X9Z+YQslxVezgLh0nwILXX.235","action":"GetUpdates Response", "result":"SERVER_MORE_TO_DOWNLOAD", "context":Received 250 update(s).  Some updates remain.}
{"logTime": "0407/074834", "correlationVector":"k1dYcr7cmo9z56kPCUIbz1","action":"Normal GetUpdate request", "result":"", "context":cV=k1dYcr7cmo9z56kPCUIbz1
Nudged types: Typed URLs, Sessions
Notified types: Typed URLs}
{"logTime": "0407/074835", "correlationVector":"k1dYcr7cmo9z56kPCUIbz1.1","action":"SyncServerConnectionManagerRequest", "result":"SYNC_SERVER_OK", "context":{"environment":"Prod_SoutheastAsia_000j", "migrationStage":"NotStarted", "server":"GENERAL0100000D"}}
{"logTime": "0407/074835", "correlationVector":"k1dYcr7cmo9z56kPCUIbz1.2","action":"GetUpdates", "result":"DeleteReceived", "context":{"id":"2d427ed3-7679-46fd-a024-5c391acea8b0", "isDeleted:":"true", "version":"1679831408193"}}
{"logTime": "0407/074835", "correlationVector":"k1dYcr7cmo9z56kPCUIbz1.3","action":"GetUpdates", "result":"DeleteReceived", "context":{"id":"50654c84-7658-4501-841e-a84d92e9bed4", "isDeleted:":"true", "version":"1679831408194"}}
{"logTime": "0407/074835", "correlationVector":"k1dYcr7cmo9z56kPCUIbz1.4","action":"GetUpdates", "result":"DeleteReceived", "context":{"id":"2518e37f-c594-4815-8dda-0c427966286b", "isDeleted:":"true", "version":"1679831408195"}}
{"logTime": "0407/074835", "correlationVector":"k1dYcr7cmo9z56kPCUIbz1.5","action":"GetUpdates", "result":"DeleteReceived", "context":{"id":"c6d13bb2-85a2-4a64-b408-526932431fc4", "isDeleted:":"true", "version":"1679831408196"}}
{"logTime": "0407/074835", "correlationVector":"k1dYcr7cmo9z56kPCUIbz1.6","action":"GetUpdates", "result":"DeleteReceived", "context":{"id":"103c25ec-dd68-4de2-8174-41b21c512435", "isDeleted:":"true", "version":"1679831409405"}}
{"logTime": "0407/074835", "correlationVector":"k1dYcr7cmo9z56kPCUIbz1.7","action":"GetUpdates", "result":"DeleteReceived", "context":{"id":"3476919b-1104-454c-af16-fd8b17b055ab", "isDeleted:":"true", "version":"1679831855118"}}
{"logTime": "0407/074835", "correlationVector":"k1dYcr7cmo9z56kPCUIbz1.8","action":"GetUpdates", "result":"DeleteReceived", "context":{"id":"7b150ef8-930f-4021-a0dd-17983689e62a", "isDeleted:":"true", "version":"1679831921959"}}
{"logTime": "0407/074835", "correlationVector":"k1dYcr7cmo9z56kPCUIbz1.9","action":"GetUpdates", "result":"DeleteReceived", "context":{"id":"04eb0947-c0a1-4609-abae-9373b50a7cb3", "isDeleted:":"true", "version":"1679832012168"}}
{"logTime": "0407/074835", "correlationVector":"k1dYcr7cmo9z56kPCUIbz1.10","action":"GetUpdates", "result":"DeleteReceived", "context":{"id":"9e39666b-c1a0-4baa-93b6-03816a9606c1", "isDeleted:":"true", "version":"1679832750323"}}
{"logTime": "0407/074835", "correlationVector":"k1dYcr7cmo9z56kPCUIbz1.11","action":"GetUpdates", "result":"DeleteReceived", "context":{"id":"523c68d3-6094-418f-9d80-2e66029a48b2", "isDeleted:":"true", "version":"1679832750324"}}
{"logTime": "0407/074835", "correlationVector":"k1dYcr7cmo9z56kPCUIbz1.12","action":"GetUpdates", "result":"DeleteReceived", "context":{"id":"e4a918dd-6193-4911-b31b-7b449eb70fec", "isDeleted:":"true", "version":"1679832750325"}}
{"logTime": "0407/074835", "correlationVector":"k1dYcr7cmo9z56kPCUIbz1.13","action":"GetUpdates", "result":"DeleteReceived", "context":{"id":"2e7f2b56-c5f3-49c2-81f4-25cd49ba8019", "isDeleted:":"true", "version":"1679833113499"}}
{"logTime": "0407/074835", "correlationVector":"k1dYcr7cmo9z56kPCUIbz1.14","action":"GetUpdates", "result":"DeleteReceived", "context":{"id":"8f86f5d5-2ac7-425a-bfd1-3c5d684995a0", "isDeleted:":"true", "version":"1679833113500"}}
{"logTime": "0407/074835", "correlationVector":"k1dYcr7cmo9z56kPCUIbz1.15","action":"GetUpdates", "result":"DeleteReceived", "context":{"id":"36ce553d-10bb-4942-8e3e-ebea0dced49f", "isDeleted:":"true", "version":"1679833113501"}}
{"logTime": "0407/074835", "correlationVector":"k1dYcr7cmo9z56kPCUIbz1.16","action":"GetUpdates", "result":"DeleteReceived", "context":{"id":"24eb92ea-8f63-46d5-bd70-44b118016464", "isDeleted:":"true", "version":"1679833113502"}}
{"logTime": "0407/074835", "correlationVector":"k1dYcr7cmo9z56kPCUIbz1.17","action":"GetUpdates", "result":"DeleteReceived", "context":{"id":"36ca64fc-e903-4c61-81b7-14f6b8e4813c", "isDeleted:":"true", "version":"1679833113504"}}
{"logTime": "0407/074835", "correlationVector":"k1dYcr7cmo9z56kPCUIbz1.18","action":"GetUpdates", "result":"DeleteReceived", "context":{"id":"4de4a16f-6837-42d6-8e39-d2e5c24bde57", "isDeleted:":"true", "version":"1679833113505"}}
{"logTime": "0407/074835", "correlationVector":"k1dYcr7cmo9z56kPCUIbz1.19","action":"GetUpdates", "result":"DeleteReceived", "context":{"id":"c1c919ce-2881-4ab7-9730-563aae0de7c1", "isDeleted:":"true", "version":"1679833113507"}}
{"logTime": "0407/074835", "correlationVector":"k1dYcr7cmo9z56kPCUIbz1.20","action":"GetUpdates", "result":"DeleteReceived", "context":{"id":"2cc2e65d-01b0-41c1-aaf6-2d219935b53c", "isDeleted:":"true", "version":"1679833113508"}}
{"logTime": "0407/074835", "correlationVector":"k1dYcr7cmo9z56kPCUIbz1.21","action":"GetUpdates", "result":"DeleteReceived", "context":{"id":"73c9d0fb-b25b-4169-a237-2201521c84e9", "isDeleted:":"true", "version":"1679833113509"}}
{"logTime": "0407/074835", "correlationVector":"k1dYcr7cmo9z56kPCUIbz1.22","action":"GetUpdates", "result":"DeleteReceived", "context":{"id":"20556797-a27e-4f5b-9795-1d7ba98e21ab", "isDeleted:":"true", "version":"1679833113510"}}
{"logTime": "0407/074835", "correlationVector":"k1dYcr7cmo9z56kPCUIbz1.23","action":"GetUpdates", "result":"DeleteReceived", "context":{"id":"3408c02b-055b-41ba-b779-0507ab75957e", "isDeleted:":"true", "version":"1679834079551"}}
{"logTime": "0407/074835", "correlationVector":"k1dYcr7cmo9z56kPCUIbz1.24","action":"GetUpdates", "result":"DeleteReceived", "context":{"id":"4649e8f6-2b3c-4a8f-974a-e24b79c019d0", "isDeleted:":"true", "version":"1679834079552"}}
{"logTime": "0407/074835", "correlationVector":"k1dYcr7cmo9z56kPCUIbz1.25","action":"GetUpdates", "result":"DeleteReceived", "context":{"id":"aa978451-d4af-4089-be81-73a50549c20f", "isDeleted:":"true", "version":"1679834079553"}}
{"logTime": "0407/074835", "correlationVector":"k1dYcr7cmo9z56kPCUIbz1.26","action":"GetUpdates", "result":"DeleteReceived", "context":{"id":"7c71224c-852b-45ea-9930-7f06bb7da4d7", "isDeleted:":"true", "version":"1679834079555"}}
{"logTime": "0407/074835", "correlationVector":"k1dYcr7cmo9z56kPCUIbz1.27","action":"GetUpdates", "result":"DeleteReceived", "context":{"id":"0d623722-8ab4-4662-9d57-c4f5c5e3d600", "isDeleted:":"true", "version":"1679834765441"}}
{"logTime": "0407/074835", "correlationVector":"k1dYcr7cmo9z56kPCUIbz1.28","action":"GetUpdates", "result":"DeleteReceived", "context":{"id":"6a202117-1622-45a9-b0dd-bf3842f092bd", "isDeleted:":"true", "version":"1679834807046"}}
{"logTime": "0407/074835", "correlationVector":"k1dYcr7cmo9z56kPCUIbz1.29","action":"GetUpdates", "result":"DeleteReceived", "context":{"id":"b7d93e32-522d-4bd0-9ea7-4e8349e3ca30", "isDeleted:":"true", "version":"1679849100160"}}
{"logTime": "0407/074835", "correlationVector":"k1dYcr7cmo9z56kPCUIbz1.30","action":"GetUpdates", "result":"DeleteReceived", "context":{"id":"b7727bde-f45a-4207-bb8e-8f1d1680cc31", "isDeleted:":"true", "version":"1679849100161"}}
{"logTime": "0407/074835", "correlationVector":"k1dYcr7cmo9z56kPCUIbz1.31","action":"GetUpdates", "result":"DeleteReceived", "context":{"id":"00f5b05a-e1f0-4292-baef-10711e3516f0", "isDeleted:":"true", "version":"1679849100162"}}
{"logTime": "0407/074835", "correlationVector":"k1dYcr7cmo9z56kPCUIbz1.32","action":"GetUpdates", "result":"DeleteReceived", "context":{"id":"571f4b97-82b8-4e25-9dcf-112b4cc4932d", "isDeleted:":"true", "version":"1679849100163"}}
{"logTime": "0407/074835", "correlationVector":"k1dYcr7cmo9z56kPCUIbz1.33","action":"GetUpdates", "result":"DeleteReceived", "context":{"id":"8f4e4e01-cea1-43aa-af14-3acf49a050f5", "isDeleted:":"true", "version":"1679849100164"}}
{"logTime": "0407/074835", "correlationVector":"k1dYcr7cmo9z56kPCUIbz1.34","action":"GetUpdates", "result":"DeleteReceived", "context":{"id":"72bfc543-9f45-4ea5-8e2b-80d7d4fc7be3", "isDeleted:":"true", "version":"1679849230760"}}
{"logTime": "0407/074835", "correlationVector":"k1dYcr7cmo9z56kPCUIbz1.35","action":"GetUpdates", "result":"DeleteReceived", "context":{"id":"ea1a5619-5ff1-4f5d-b86b-47116a5419e5", "isDeleted:":"true", "version":"1679849875606"}}
{"logTime": "0407/074835", "correlationVector":"k1dYcr7cmo9z56kPCUIbz1.36","action":"GetUpdates", "result":"DeleteReceived", "context":{"id":"ab140941-4af8-40d0-9cec-3b5b2a1e9302", "isDeleted:":"true", "version":"1679849947835"}}
{"logTime": "0407/074835", "correlationVector":"k1dYcr7cmo9z56kPCUIbz1.37","action":"GetUpdates", "result":"DeleteReceived", "context":{"id":"762bdc24-f566-4b71-86c3-13d4ccbf83cf", "isDeleted:":"true", "version":"1679850001373"}}
{"logTime": "0407/074835", "correlationVector":"k1dYcr7cmo9z56kPCUIbz1.38","action":"GetUpdates", "result":"DeleteReceived", "context":{"id":"2e1c0046-1154-4402-82fa-6ea567adad49", "isDeleted:":"true", "version":"1679850678664"}}
{"logTime": "0407/074835", "correlationVector":"k1dYcr7cmo9z56kPCUIbz1.39","action":"GetUpdates", "result":"DeleteReceived", "context":{"id":"d8ad50be-0ea7-43f0-b4ed-1ec7c58632b9", "isDeleted:":"true", "version":"1679850712829"}}
{"logTime": "0407/074835", "correlationVector":"k1dYcr7cmo9z56kPCUIbz1.40","action":"GetUpdates", "result":"DeleteReceived", "context":{"id":"7518c190-5ac3-4d46-aef2-7d344f2cc833", "isDeleted:":"true", "version":"1679882805152"}}
{"logTime": "0407/074835", "correlationVector":"k1dYcr7cmo9z56kPCUIbz1.41","action":"GetUpdates", "result":"DeleteReceived", "context":{"id":"15f743fa-7454-4a18-9d89-bdef727abe8a", "isDeleted:":"true", "version":"1679882805155"}}
{"logTime": "0407/074835", "correlationVector":"k1dYcr7cmo9z56kPCUIbz1.42","action":"GetUpdates", "result":"DeleteReceived", "context":{"id":"d34a116a-10f0-4c2c-b7ed-e5d51172bd60", "isDeleted:":"true", "version":"1679886864017"}}
{"logTime": "0407/074835", "correlationVector":"k1dYcr7cmo9z56kPCUIbz1.43","action":"GetUpdates", "result":"DeleteReceived", "context":{"id":"2e508393-3f06-46a0-ad4e-b0ad6d377fb4", "isDeleted:":"true", "version":"1679886864018"}}
{"logTime": "0407/074835", "correlationVector":"k1dYcr7cmo9z56kPCUIbz1.44","action":"GetUpdates", "result":"DeleteReceived", "context":{"id":"0b04ef2b-34c3-4619-8d7c-834b2b7c5255", "isDeleted:":"true", "version":"1679886864019"}}
{"logTime": "0407/074835", "correlationVector":"k1dYcr7cmo9z56kPCUIbz1.45","action":"GetUpdates", "result":"DeleteReceived", "context":{"id":"287d4f07-b92f-4c5e-b950-630e5307061b", "isDeleted:":"true", "version":"1679886864020"}}
{"logTime": "0407/074835", "correlationVector":"k1dYcr7cmo9z56kPCUIbz1.46","action":"GetUpdates", "result":"DeleteReceived", "context":{"id":"1ff94fca-0085-459a-9c50-4f51c71e0f37", "isDeleted:":"true", "version":"1679886864021"}}
{"logTime": "0407/074835", "correlationVector":"k1dYcr7cmo9z56kPCUIbz1.47","action":"GetUpdates", "result":"DeleteReceived", "context":{"id":"70d85257-62e2-410d-9935-77add8d90e0b", "isDeleted:":"true", "version":"1679886864022"}}
{"logTime": "0407/074835", "correlationVector":"k1dYcr7cmo9z56kPCUIbz1.48","action":"GetUpdates", "result":"DeleteReceived", "context":{"id":"9544b203-b874-4760-afd3-393bbdb511e0", "isDeleted:":"true", "version":"1679886864023"}}
{"logTime": "0407/074835", "correlationVector":"k1dYcr7cmo9z56kPCUIbz1.49","action":"GetUpdates", "result":"DeleteReceived", "context":{"id":"78f2bbf1-afb7-410a-9547-41cf869fb887", "isDeleted:":"true", "version":"1679886864024"}}
{"logTime": "0407/074835", "correlationVector":"k1dYcr7cmo9z56kPCUIbz1.50","action":"GetUpdates", "result":"DeleteReceived", "context":{"id":"2d11ade5-a9d8-49d3-afe3-6a25322ddd00", "isDeleted:":"true", "version":"1679886864025"}}
{"logTime": "0407/074835", "correlationVector":"k1dYcr7cmo9z56kPCUIbz1.51","action":"GetUpdates", "result":"DeleteReceived", "context":{"id":"8b9aeba6-5720-472b-9c8b-5adfd0f0da0a", "isDeleted:":"true", "version":"1679888447257"}}
{"logTime": "0407/074835", "correlationVector":"k1dYcr7cmo9z56kPCUIbz1.52","action":"GetUpdates", "result":"DeleteReceived", "context":{"id":"8e40a169-097f-4f28-adca-9e5e2a81dacf", "isDeleted:":"true", "version":"1679888496666"}}
{"logTime": "0407/074835", "correlationVector":"k1dYcr7cmo9z56kPCUIbz1.53","action":"GetUpdates", "result":"DeleteReceived", "context":{"id":"3852d07a-9af2-4608-afba-d138666c7263", "isDeleted:":"true", "version":"1679888627492"}}
{"logTime": "0407/074835", "correlationVector":"k1dYcr7cmo9z56kPCUIbz1.54","action":"GetUpdates", "result":"DeleteReceived", "context":{"id":"96d6ac43-10c0-41e4-9574-0daf8d420f12", "isDeleted:":"true", "version":"1679888661060"}}
{"logTime": "0407/074835", "correlationVector":"k1dYcr7cmo9z56kPCUIbz1.55","action":"GetUpdates", "result":"DeleteReceived", "context":{"id":"4bc8480b-cbef-4695-ac38-685735d89965", "isDeleted:":"true", "version":"1679889400726"}}
{"logTime": "0407/074835", "correlationVector":"k1dYcr7cmo9z56kPCUIbz1.56","action":"GetUpdates", "result":"DeleteReceived", "context":{"id":"158b3178-6ef5-49a1-a4a0-981d44eaef5c", "isDeleted:":"true", "version":"1679889400727"}}
{"logTime": "0407/074835", "correlationVector":"k1dYcr7cmo9z56kPCUIbz1.57","action":"GetUpdates", "result":"DeleteReceived", "context":{"id":"1f21797b-f264-4ac8-9097-fbca8fb5a0b4", "isDeleted:":"true", "version":"1679889456028"}}
{"logTime": "0407/074835", "correlationVector":"k1dYcr7cmo9z56kPCUIbz1.58","action":"GetUpdates", "result":"DeleteReceived", "context":{"id":"9f7d1197-3f54-48a8-9ca4-56b5ee920ada", "isDeleted:":"true", "version":"1679889456029"}}
{"logTime": "0407/074835", "correlationVector":"k1dYcr7cmo9z56kPCUIbz1.59","action":"GetUpdates", "result":"DeleteReceived", "context":{"id":"a535e568-658c-4bee-9651-234888018c7f", "isDeleted:":"true", "version":"1679889456030"}}
{"logTime": "0407/074835", "correlationVector":"k1dYcr7cmo9z56kPCUIbz1.60","action":"GetUpdates", "result":"DeleteReceived", "context":{"id":"2f1c5c14-fcf6-4312-99e4-050677509e75", "isDeleted:":"true", "version":"1679889456031"}}
{"logTime": "0407/074835", "correlationVector":"k1dYcr7cmo9z56kPCUIbz1.61","action":"GetUpdates", "result":"DeleteReceived", "context":{"id":"01b7df7a-143e-4330-a137-37f6d9f57c2e", "isDeleted:":"true", "version":"1679889536126"}}
{"logTime": "0407/074835", "correlationVector":"k1dYcr7cmo9z56kPCUIbz1.62","action":"GetUpdates", "result":"DeleteReceived", "context":{"id":"dadab1dd-1fc1-432e-a3a1-7c89549e2da5", "isDeleted:":"true", "version":"1679889536127"}}
{"logTime": "0407/074835", "correlationVector":"k1dYcr7cmo9z56kPCUIbz1.63","action":"GetUpdates", "result":"DeleteReceived", "context":{"id":"82bfb0b5-9b5c-48f2-aaea-e7d633c4945f", "isDeleted:":"true", "version":"1679889536128"}}
{"logTime": "0407/074835", "correlationVector":"k1dYcr7cmo9z56kPCUIbz1.64","action":"GetUpdates", "result":"DeleteReceived", "context":{"id":"dca2f4b6-603d-4df3-ab43-fd857e14e9d9", "isDeleted:":"true", "version":"1679889536130"}}
{"logTime": "0407/074835", "correlationVector":"k1dYcr7cmo9z56kPCUIbz1.65","action":"GetUpdates", "result":"DeleteReceived", "context":{"id":"ddb62ffe-3baf-4bc1-b40e-4edbcd6145df", "isDeleted:":"true", "version":"1679889569829"}}
{"logTime": "0407/074835", "correlationVector":"k1dYcr7cmo9z56kPCUIbz1.66","action":"GetUpdates", "result":"DeleteReceived", "context":{"id":"153bf480-9269-4fb5-ba90-339572cca999", "isDeleted:":"true", "version":"1679889569831"}}
{"logTime": "0407/074835", "correlationVector":"k1dYcr7cmo9z56kPCUIbz1.67","action":"GetUpdates", "result":"DeleteReceived", "context":{"id":"a7135e80-c9fe-4f5b-a185-fbe939849cb1", "isDeleted:":"true", "version":"1679889675581"}}
{"logTime": "0407/074835", "correlationVector":"k1dYcr7cmo9z56kPCUIbz1.68","action":"GetUpdates", "result":"DeleteReceived", "context":{"id":"57160116-ecec-45e6-9a92-1044d455a3c8", "isDeleted:":"true", "version":"1679889774499"}}
{"logTime": "0407/074835", "correlationVector":"k1dYcr7cmo9z56kPCUIbz1.69","action":"GetUpdates", "result":"DeleteReceived", "context":{"id":"ff92a02d-f7a1-4d09-9c3f-486278cc9613", "isDeleted:":"true", "version":"1679889774500"}}
{"logTime": "0407/074835", "correlationVector":"k1dYcr7cmo9z56kPCUIbz1.70","action":"GetUpdates", "result":"DeleteReceived", "context":{"id":"c3ca7095-c086-4f1d-b022-359973aa6d90", "isDeleted:":"true", "version":"1679890059125"}}
{"logTime": "0407/074835", "correlationVector":"k1dYcr7cmo9z56kPCUIbz1.71","action":"GetUpdates", "result":"DeleteReceived", "context":{"id":"46836ed3-b63d-45ce-9034-7ddb0d25431d", "isDeleted:":"true", "version":"1679890059127"}}
{"logTime": "0407/074835", "correlationVector":"k1dYcr7cmo9z56kPCUIbz1.72","action":"GetUpdates", "result":"DeleteReceived", "context":{"id":"0afce67e-dcce-4422-be8d-eee228420076", "isDeleted:":"true", "version":"1679890277461"}}
{"logTime": "0407/074835", "correlationVector":"k1dYcr7cmo9z56kPCUIbz1.73","action":"GetUpdates", "result":"DeleteReceived", "context":{"id":"12ebb315-febf-4566-af34-6b0a4e5dc55e", "isDeleted:":"true", "version":"1679890358332"}}
{"logTime": "0407/074835", "correlationVector":"k1dYcr7cmo9z56kPCUIbz1.74","action":"GetUpdates", "result":"DeleteReceived", "context":{"id":"da277ca9-0add-4fa0-917a-1d2f183fdd2e", "isDeleted:":"true", "version":"1679899131958"}}
{"logTime": "0407/074835", "correlationVector":"k1dYcr7cmo9z56kPCUIbz1.75","action":"GetUpdates", "result":"DeleteReceived", "context":{"id":"c7ac9640-e93e-4059-b3e1-fa69b901b748", "isDeleted:":"true", "version":"1679900752607"}}
{"logTime": "0407/074835", "correlationVector":"k1dYcr7cmo9z56kPCUIbz1.76","action":"GetUpdates", "result":"DeleteReceived", "context":{"id":"8e54f93e-8d5c-4a9d-b1f1-3c524d4b2f26", "isDeleted:":"true", "version":"1679900752608"}}
{"logTime": "0407/074835", "correlationVector":"k1dYcr7cmo9z56kPCUIbz1.77","action":"GetUpdates", "result":"DeleteReceived", "context":{"id":"f5483648-40d8-43ad-b6b8-89f7a4259aa1", "isDeleted:":"true", "version":"1679900752609"}}
{"logTime": "0407/074835", "correlationVector":"k1dYcr7cmo9z56kPCUIbz1.78","action":"GetUpdates", "result":"DeleteReceived", "context":{"id":"13822c86-5593-4ff0-9f4d-910fc4638fda", "isDeleted:":"true", "version":"1679900752610"}}
{"logTime": "0407/074835", "correlationVector":"k1dYcr7cmo9z56kPCUIbz1.79","action":"GetUpdates", "result":"DeleteReceived", "context":{"id":"68d29db5-69c7-4afe-9b00-5aa6bac1e5ec", "isDeleted:":"true", "version":"1679900752611"}}
{"logTime": "0407/074835", "correlationVector":"k1dYcr7cmo9z56kPCUIbz1.80","action":"GetUpdates", "result":"DeleteReceived", "context":{"id":"00707b34-3c54-4bf3-961f-6f9e4af874a6", "isDeleted:":"true", "version":"1679900752612"}}
{"logTime": "0407/074835", "correlationVector":"k1dYcr7cmo9z56kPCUIbz1.81","action":"GetUpdates", "result":"DeleteReceived", "context":{"id":"69365faf-712e-488f-ab5d-d9e207c0077c", "isDeleted:":"true", "version":"1679900752613"}}
{"logTime": "0407/074835", "correlationVector":"k1dYcr7cmo9z56kPCUIbz1.82","action":"GetUpdates", "result":"DeleteReceived", "context":{"id":"3d3ecb57-8839-45b7-b6c9-405ebf1a6a68", "isDeleted:":"true", "version":"1679901320977"}}
{"logTime": "0407/074835", "correlationVector":"k1dYcr7cmo9z56kPCUIbz1.83","action":"GetUpdates", "result":"DeleteReceived", "context":{"id":"77ba939d-c210-4c30-b1c8-fafb5053a3be", "isDeleted:":"true", "version":"1679901320978"}}
{"logTime": "0407/074835", "correlationVector":"k1dYcr7cmo9z56kPCUIbz1.84","action":"GetUpdates", "result":"DeleteReceived", "context":{"id":"06480f99-5964-4a16-9d09-1dff98c4db59", "isDeleted:":"true", "version":"1679903842146"}}
{"logTime": "0407/074835", "correlationVector":"k1dYcr7cmo9z56kPCUIbz1.85","action":"GetUpdates", "result":"DeleteReceived", "context":{"id":"aae7aae6-c63b-4110-a3e4-3445db3f8329", "isDeleted:":"true", "version":"1679904091652"}}
{"logTime": "0407/074835", "correlationVector":"k1dYcr7cmo9z56kPCUIbz1.86","action":"GetUpdates", "result":"DeleteReceived", "context":{"id":"18cbe900-7c56-428c-bde3-000f314e3873", "isDeleted:":"true", "version":"1679928350140"}}
{"logTime": "0407/074835", "correlationVector":"k1dYcr7cmo9z56kPCUIbz1.87","action":"GetUpdates", "result":"DeleteReceived", "context":{"id":"173448c9-06dc-4175-bcc9-d4571b5a01ae", "isDeleted:":"true", "version":"1679928350141"}}
{"logTime": "0407/074835", "correlationVector":"k1dYcr7cmo9z56kPCUIbz1.88","action":"GetUpdates", "result":"DeleteReceived", "context":{"id":"0ac6b178-d87f-4cee-b7d6-6458c3014ac2", "isDeleted:":"true", "version":"1679928350142"}}
{"logTime": "0407/074835", "correlationVector":"k1dYcr7cmo9z56kPCUIbz1.89","action":"GetUpdates", "result":"DeleteReceived", "context":{"id":"e1ca1aed-fa5e-41da-97f3-d9a47a7bb738", "isDeleted:":"true", "version":"1679928350143"}}
{"logTime": "0407/074835", "correlationVector":"k1dYcr7cmo9z56kPCUIbz1.90","action":"GetUpdates", "result":"DeleteReceived", "context":{"id":"b4c06f7f-1cba-45a4-b2a0-78945a446d2b", "isDeleted:":"true", "version":"1679928350144"}}
{"logTime": "0407/074835", "correlationVector":"k1dYcr7cmo9z56kPCUIbz1.91","action":"GetUpdates", "result":"DeleteReceived", "context":{"id":"b8405070-a6f9-4c14-b61a-6160446ed31e", "isDeleted:":"true", "version":"1679970509829"}}
{"logTime": "0407/074835", "correlationVector":"k1dYcr7cmo9z56kPCUIbz1.92","action":"GetUpdates", "result":"DeleteReceived", "context":{"id":"13a32e7a-1985-49cd-91d6-0eafb4a18ffa", "isDeleted:":"true", "version":"1679970509830"}}
{"logTime": "0407/074835", "correlationVector":"k1dYcr7cmo9z56kPCUIbz1.93","action":"GetUpdates", "result":"DeleteReceived", "context":{"id":"b57101f9-9747-4063-84e4-4d3549154f49", "isDeleted:":"true", "version":"1679970509831"}}
{"logTime": "0407/074835", "correlationVector":"k1dYcr7cmo9z56kPCUIbz1.94","action":"GetUpdates", "result":"DeleteReceived", "context":{"id":"e746a3c6-12c7-4843-9eb1-6c963c3d0fb9", "isDeleted:":"true", "version":"1679970509832"}}
{"logTime": "0407/074835", "correlationVector":"k1dYcr7cmo9z56kPCUIbz1.95","action":"GetUpdates", "result":"DeleteReceived", "context":{"id":"9b8ada3a-0dfe-47df-8c95-00b297914720", "isDeleted:":"true", "version":"1679970509833"}}
{"logTime": "0407/074835", "correlationVector":"k1dYcr7cmo9z56kPCUIbz1.96","action":"GetUpdates", "result":"DeleteReceived", "context":{"id":"fc3b2a2e-0109-44e7-88ac-9e09af8acc1a", "isDeleted:":"true", "version":"1679970509834"}}
{"logTime": "0407/074835", "correlationVector":"k1dYcr7cmo9z56kPCUIbz1.97","action":"GetUpdates", "result":"DeleteReceived", "context":{"id":"d40f67b0-a463-4b35-8840-3ccdb3c2928f", "isDeleted:":"true", "version":"1679970509835"}}
{"logTime": "0407/074835", "correlationVector":"k1dYcr7cmo9z56kPCUIbz1.98","action":"GetUpdates", "result":"DeleteReceived", "context":{"id":"638d7c35-b474-473d-b85b-83f49530fe01", "isDeleted:":"true", "version":"1679970509836"}}
{"logTime": "0407/074835", "correlationVector":"k1dYcr7cmo9z56kPCUIbz1.99","action":"GetUpdates", "result":"DeleteReceived", "context":{"id":"ea77181c-eb68-4a66-8727-41f405ed658d", "isDeleted:":"true", "version":"1679970509837"}}
{"logTime": "0407/074835", "correlationVector":"k1dYcr7cmo9z56kPCUIbz1.100","action":"GetUpdates", "result":"DeleteReceived", "context":{"id":"eb9a2c77-8802-4973-80a5-1cac1bc3eaad", "isDeleted:":"true", "version":"1679970509839"}}
{"logTime": "0407/074835", "correlationVector":"k1dYcr7cmo9z56kPCUIbz1.101","action":"GetUpdates", "result":"DeleteReceived", "context":{"id":"568b068f-90eb-4e2f-9372-ceb6b1ee0e02", "isDeleted:":"true", "version":"1679970528496"}}
{"logTime": "0407/074835", "correlationVector":"k1dYcr7cmo9z56kPCUIbz1.102","action":"GetUpdates", "result":"DeleteReceived", "context":{"id":"51355332-73e3-464c-95b0-ee10d6bf7fb9", "isDeleted:":"true", "version":"1679970528497"}}
{"logTime": "0407/074835", "correlationVector":"k1dYcr7cmo9z56kPCUIbz1.103","action":"GetUpdates", "result":"DeleteReceived", "context":{"id":"265b4024-3132-42a7-815c-ce6735589d64", "isDeleted:":"true", "version":"1679970850774"}}
{"logTime": "0407/074835", "correlationVector":"k1dYcr7cmo9z56kPCUIbz1.104","action":"GetUpdates", "result":"DeleteReceived", "context":{"id":"0fd0aa2e-1994-4574-9a04-5b993cedd00f", "isDeleted:":"true", "version":"1679970850776"}}
{"logTime": "0407/074835", "correlationVector":"k1dYcr7cmo9z56kPCUIbz1.105","action":"GetUpdates", "result":"DeleteReceived", "context":{"id":"e9694fe9-e94b-416d-b8f1-ec74b6adc07e", "isDeleted:":"true", "version":"1679970850777"}}
{"logTime": "0407/074835", "correlationVector":"k1dYcr7cmo9z56kPCUIbz1.106","action":"GetUpdates", "result":"DeleteReceived", "context":{"id":"48567801-56b8-4131-af43-4ba1593bb6fd", "isDeleted:":"true", "version":"1679970885791"}}
{"logTime": "0407/074835", "correlationVector":"k1dYcr7cmo9z56kPCUIbz1.107","action":"GetUpdates", "result":"DeleteReceived", "context":{"id":"4aa8183f-8fa8-4723-a947-c8e8420fd3e0", "isDeleted:":"true", "version":"1679971244909"}}
{"logTime": "0407/074835", "correlationVector":"k1dYcr7cmo9z56kPCUIbz1.108","action":"GetUpdates", "result":"DeleteReceived", "context":{"id":"87000b43-5a56-4bc5-80ef-4309c01648fd", "isDeleted:":"true", "version":"1679977267904"}}
{"logTime": "0407/074835", "correlationVector":"k1dYcr7cmo9z56kPCUIbz1.109","action":"GetUpdates", "result":"DeleteReceived", "context":{"id":"7bf87f2d-e43c-4624-b2bd-3c64873669bc", "isDeleted:":"true", "version":"1679977267905"}}
{"logTime": "0407/074835", "correlationVector":"k1dYcr7cmo9z56kPCUIbz1.110","action":"GetUpdates", "result":"DeleteReceived", "context":{"id":"ee71ceef-0064-4cc3-b909-d6c7f84cb188", "isDeleted:":"true", "version":"1679977267906"}}
{"logTime": "0407/074835", "correlationVector":"k1dYcr7cmo9z56kPCUIbz1.111","action":"GetUpdates", "result":"DeleteReceived", "context":{"id":"5d252860-5f10-4acd-9fe2-b56354ceec67", "isDeleted:":"true", "version":"1679977267907"}}
{"logTime": "0407/074835", "correlationVector":"k1dYcr7cmo9z56kPCUIbz1.112","action":"GetUpdates", "result":"DeleteReceived", "context":{"id":"6bceaa06-53e9-4925-9679-f93689365a7c", "isDeleted:":"true", "version":"1679977267908"}}
{"logTime": "0407/074835", "correlationVector":"k1dYcr7cmo9z56kPCUIbz1.113","action":"GetUpdates", "result":"DeleteReceived", "context":{"id":"9bb8645c-0d77-4751-abda-c3f9c5be5b8e", "isDeleted:":"true", "version":"1679977267909"}}
{"logTime": "0407/074835", "correlationVector":"k1dYcr7cmo9z56kPCUIbz1.114","action":"GetUpdates", "result":"DeleteReceived", "context":{"id":"3be31cd9-7a7e-43c6-837c-cafad9aaeea3", "isDeleted:":"true", "version":"1679977267910"}}
{"logTime": "0407/074835", "correlationVector":"k1dYcr7cmo9z56kPCUIbz1.115","action":"GetUpdates", "result":"DeleteReceived", "context":{"id":"9c75c4fc-cc71-4c55-9a21-90d52b75c387", "isDeleted:":"true", "version":"1679977375114"}}
{"logTime": "0407/074835", "correlationVector":"k1dYcr7cmo9z56kPCUIbz1.116","action":"GetUpdates", "result":"DeleteReceived", "context":{"id":"b703fd54-4f4c-494c-96d7-780681c940de", "isDeleted:":"true", "version":"1679979231218"}}
{"logTime": "0407/074835", "correlationVector":"k1dYcr7cmo9z56kPCUIbz1.117","action":"GetUpdates", "result":"DeleteReceived", "context":{"id":"a61caec3-16b4-4ff9-8740-2da27eaf49c1", "isDeleted:":"true", "version":"1679984426900"}}
{"logTime": "0407/074835", "correlationVector":"k1dYcr7cmo9z56kPCUIbz1.118","action":"GetUpdates", "result":"DeleteReceived", "context":{"id":"fbbe95a7-991e-4bde-8d6a-19dcc5a7ca6d", "isDeleted:":"true", "version":"1679984426901"}}
{"logTime": "0407/074835", "correlationVector":"k1dYcr7cmo9z56kPCUIbz1.119","action":"GetUpdates", "result":"DeleteReceived", "context":{"id":"9f55dda9-e804-45c8-b7a4-a07d11b524f6", "isDeleted:":"true", "version":"1679984426902"}}
{"logTime": "0407/074835", "correlationVector":"k1dYcr7cmo9z56kPCUIbz1.120","action":"GetUpdates", "result":"DeleteReceived", "context":{"id":"003f09dc-9da8-4e77-9d22-89263e179a6d", "isDeleted:":"true", "version":"1679984426904"}}
{"logTime": "0407/074835", "correlationVector":"k1dYcr7cmo9z56kPCUIbz1.121","action":"GetUpdates", "result":"DeleteReceived", "context":{"id":"7d2bfc59-8fb9-4003-b9b3-23bb442a737d", "isDeleted:":"true", "version":"1679984458461"}}
{"logTime": "0407/074835", "correlationVector":"k1dYcr7cmo9z56kPCUIbz1.122","action":"GetUpdates", "result":"DeleteReceived", "context":{"id":"8a21ba70-29fb-419a-91b7-6adc96943950", "isDeleted:":"true", "version":"1679990770230"}}
{"logTime": "0407/074835", "correlationVector":"k1dYcr7cmo9z56kPCUIbz1.123","action":"GetUpdates", "result":"DeleteReceived", "context":{"id":"4ca5fb70-c505-467c-bb40-67e74b226857", "isDeleted:":"true", "version":"1679996204698"}}
{"logTime": "0407/074835", "correlationVector":"k1dYcr7cmo9z56kPCUIbz1.124","action":"GetUpdates", "result":"DeleteReceived", "context":{"id":"de284a07-ceb0-4d3d-984e-150dd76276fe", "isDeleted:":"true", "version":"1680011517238"}}
{"logTime": "0407/074835", "correlationVector":"k1dYcr7cmo9z56kPCUIbz1.125","action":"GetUpdates", "result":"DeleteReceived", "context":{"id":"99ef31d7-6efb-4ce8-9ac0-115099ba532c", "isDeleted:":"true", "version":"1680011517239"}}
{"logTime": "0407/074835", "correlationVector":"k1dYcr7cmo9z56kPCUIbz1.126","action":"GetUpdates", "result":"DeleteReceived", "context":{"id":"20a950c2-6127-4a4e-be96-246819c43d27", "isDeleted:":"true", "version":"1680011517240"}}
{"logTime": "0407/074835", "correlationVector":"k1dYcr7cmo9z56kPCUIbz1.127","action":"GetUpdates", "result":"DeleteReceived", "context":{"id":"544ce0d1-e7ad-426b-a14c-ffc03c365c46", "isDeleted:":"true", "version":"1680011548149"}}
{"logTime": "0407/074835", "correlationVector":"k1dYcr7cmo9z56kPCUIbz1.128","action":"GetUpdates", "result":"DeleteReceived", "context":{"id":"a577788b-d089-4d76-89b1-13e52d777293", "isDeleted:":"true", "version":"1680012275613"}}
{"logTime": "0407/074835", "correlationVector":"k1dYcr7cmo9z56kPCUIbz1.129","action":"GetUpdates", "result":"DeleteReceived", "context":{"id":"dfeec881-a778-45b2-8e73-4151acec1cde", "isDeleted:":"true", "version":"1680012606235"}}
{"logTime": "0407/074835", "correlationVector":"k1dYcr7cmo9z56kPCUIbz1.130","action":"GetUpdates", "result":"DeleteReceived", "context":{"id":"d862f3a7-60c7-4507-8b45-917fb14e8ca6", "isDeleted:":"true", "version":"1680012606238"}}
{"logTime": "0407/074835", "correlationVector":"k1dYcr7cmo9z56kPCUIbz1.131","action":"GetUpdates", "result":"DeleteReceived", "context":{"id":"7d0666c6-72c1-4e4d-9b87-911c93baf6e3", "isDeleted:":"true", "version":"1680012710593"}}
{"logTime": "0407/074835", "correlationVector":"k1dYcr7cmo9z56kPCUIbz1.132","action":"GetUpdates", "result":"DeleteReceived", "context":{"id":"3762fbc5-4159-43cb-b0ea-5022ae017f43", "isDeleted:":"true", "version":"1680017595881"}}
{"logTime": "0407/074835", "correlationVector":"k1dYcr7cmo9z56kPCUIbz1.133","action":"GetUpdates", "result":"DeleteReceived", "context":{"id":"dac899bd-8181-41c1-b99b-3f414f656f82", "isDeleted:":"true", "version":"1680017595882"}}
{"logTime": "0407/074835", "correlationVector":"k1dYcr7cmo9z56kPCUIbz1.134","action":"GetUpdates", "result":"DeleteReceived", "context":{"id":"056303ce-4bf0-4a04-995e-9b6cd9598c06", "isDeleted:":"true", "version":"1680020096860"}}
{"logTime": "0407/074835", "correlationVector":"k1dYcr7cmo9z56kPCUIbz1.135","action":"GetUpdates", "result":"DeleteReceived", "context":{"id":"96777dda-76f7-4c65-b0a0-f5fbe28ff80b", "isDeleted:":"true", "version":"1680021293412"}}
{"logTime": "0407/074835", "correlationVector":"k1dYcr7cmo9z56kPCUIbz1.136","action":"GetUpdates", "result":"DeleteReceived", "context":{"id":"27c6c86b-e31c-427c-8a10-77077bfe5ab1", "isDeleted:":"true", "version":"1680021349147"}}
{"logTime": "0407/074835", "correlationVector":"k1dYcr7cmo9z56kPCUIbz1.137","action":"GetUpdates", "result":"DeleteReceived", "context":{"id":"0fcd54a0-7faa-44bd-97d4-38aba390254e", "isDeleted:":"true", "version":"1680021699453"}}
{"logTime": "0407/074835", "correlationVector":"k1dYcr7cmo9z56kPCUIbz1.138","action":"GetUpdates", "result":"DeleteReceived", "context":{"id":"0bdcf17c-0eb6-4a8a-b204-1b23c7cce5e4", "isDeleted:":"true", "version":"1680022707891"}}
{"logTime": "0407/074835", "correlationVector":"k1dYcr7cmo9z56kPCUIbz1.139","action":"GetUpdates", "result":"DeleteReceived", "context":{"id":"5853b523-87d8-40ca-a3d5-cb281b2dbde7", "isDeleted:":"true", "version":"1680022707893"}}
{"logTime": "0407/074835", "correlationVector":"k1dYcr7cmo9z56kPCUIbz1.140","action":"GetUpdates", "result":"DeleteReceived", "context":{"id":"21d247cc-3703-40d4-a591-e488a86b0305", "isDeleted:":"true", "version":"1680022707894"}}
{"logTime": "0407/074835", "correlationVector":"k1dYcr7cmo9z56kPCUIbz1.141","action":"GetUpdates", "result":"DeleteReceived", "context":{"id":"7a9851b1-3e59-47ad-a96b-426ab268693d", "isDeleted:":"true", "version":"1680022707895"}}
{"logTime": "0407/074835", "correlationVector":"k1dYcr7cmo9z56kPCUIbz1.142","action":"GetUpdates", "result":"DeleteReceived", "context":{"id":"9593c551-317f-4712-9a00-95751e1503e5", "isDeleted:":"true", "version":"1680022707896"}}
{"logTime": "0407/074835", "correlationVector":"k1dYcr7cmo9z56kPCUIbz1.143","action":"GetUpdates", "result":"DeleteReceived", "context":{"id":"72c14fca-1e07-4826-a7fd-3bf7657c73e4", "isDeleted:":"true", "version":"1680022707897"}}
{"logTime": "0407/074835", "correlationVector":"k1dYcr7cmo9z56kPCUIbz1.144","action":"GetUpdates", "result":"DeleteReceived", "context":{"id":"b45ef7af-6167-4a3f-b0ab-d29220f7fb42", "isDeleted:":"true", "version":"1680022707898"}}
{"logTime": "0407/074835", "correlationVector":"k1dYcr7cmo9z56kPCUIbz1.145","action":"GetUpdates", "result":"DeleteReceived", "context":{"id":"d3bfa159-64d2-4075-8daa-9ba22546e042", "isDeleted:":"true", "version":"1680022749314"}}
{"logTime": "0407/074835", "correlationVector":"k1dYcr7cmo9z56kPCUIbz1.146","action":"GetUpdates", "result":"DeleteReceived", "context":{"id":"faf3216c-ff03-4390-98ac-609f6ca55e0e", "isDeleted:":"true", "version":"1680059920598"}}
{"logTime": "0407/074835", "correlationVector":"k1dYcr7cmo9z56kPCUIbz1.147","action":"GetUpdates", "result":"DeleteReceived", "context":{"id":"6fe6a082-e9d0-4e1a-a4f1-f690f0adb5d3", "isDeleted:":"true", "version":"1680059920599"}}
{"logTime": "0407/074835", "correlationVector":"k1dYcr7cmo9z56kPCUIbz1.148","action":"GetUpdates", "result":"DeleteReceived", "context":{"id":"376f2d5b-56ff-4baf-bbb7-e61b6ba93c0c", "isDeleted:":"true", "version":"1680059920600"}}
{"logTime": "0407/074835", "correlationVector":"k1dYcr7cmo9z56kPCUIbz1.149","action":"GetUpdates", "result":"DeleteReceived", "context":{"id":"d95eb95d-c380-4e17-a701-8e427d746a10", "isDeleted:":"true", "version":"1680062465555"}}
{"logTime": "0407/074835", "correlationVector":"k1dYcr7cmo9z56kPCUIbz1.150","action":"GetUpdates", "result":"DeleteReceived", "context":{"id":"d3c04646-c47e-4c15-9b5c-d651461f37c9", "isDeleted:":"true", "version":"1680062465556"}}
{"logTime": "0407/074835", "correlationVector":"k1dYcr7cmo9z56kPCUIbz1.151","action":"GetUpdates", "result":"DeleteReceived", "context":{"id":"b83233bf-1da8-47ed-865a-826ace1b9035", "isDeleted:":"true", "version":"1680062711508"}}
{"logTime": "0407/074835", "correlationVector":"k1dYcr7cmo9z56kPCUIbz1.152","action":"GetUpdates", "result":"DeleteReceived", "context":{"id":"7ab1aae8-9eae-486e-86fa-965424e06c25", "isDeleted:":"true", "version":"1680062907077"}}
{"logTime": "0407/074835", "correlationVector":"k1dYcr7cmo9z56kPCUIbz1.153","action":"GetUpdates", "result":"DeleteReceived", "context":{"id":"21f375eb-64ff-4172-92d1-87f1936f0c80", "isDeleted:":"true", "version":"1680062907078"}}
{"logTime": "0407/074835", "correlationVector":"k1dYcr7cmo9z56kPCUIbz1.154","action":"GetUpdates", "result":"DeleteReceived", "context":{"id":"b003a051-cfe1-481c-a4dd-f01fbf7ccb63", "isDeleted:":"true", "version":"1680063025327"}}
{"logTime": "0407/074835", "correlationVector":"k1dYcr7cmo9z56kPCUIbz1.155","action":"GetUpdates", "result":"DeleteReceived", "context":{"id":"6b4fa819-9c5b-4168-b53e-5a5ebb8f1c1c", "isDeleted:":"true", "version":"1680067935854"}}
{"logTime": "0407/074835", "correlationVector":"k1dYcr7cmo9z56kPCUIbz1.156","action":"GetUpdates", "result":"DeleteReceived", "context":{"id":"00c3216f-4243-40ff-85d8-15b53797cb55", "isDeleted:":"true", "version":"1680067935855"}}
{"logTime": "0407/074835", "correlationVector":"k1dYcr7cmo9z56kPCUIbz1.157","action":"GetUpdates", "result":"DeleteReceived", "context":{"id":"1c43a2c6-900e-4134-b7e4-a16d0b848368", "isDeleted:":"true", "version":"1680067935856"}}
{"logTime": "0407/074835", "correlationVector":"k1dYcr7cmo9z56kPCUIbz1.158","action":"GetUpdates", "result":"DeleteReceived", "context":{"id":"629c0fdd-f92f-463a-a5e7-7e843b088e87", "isDeleted:":"true", "version":"1680067935857"}}
{"logTime": "0407/074835", "correlationVector":"k1dYcr7cmo9z56kPCUIbz1.159","action":"GetUpdates", "result":"DeleteReceived", "context":{"id":"e118d9a2-150f-43f7-9e8c-c67f7f1f173f", "isDeleted:":"true", "version":"1680068163579"}}
{"logTime": "0407/074835", "correlationVector":"k1dYcr7cmo9z56kPCUIbz1.160","action":"GetUpdates", "result":"DeleteReceived", "context":{"id":"e5baaafc-01db-4a10-861a-a2bcc4752cf3", "isDeleted:":"true", "version":"1680069333942"}}
{"logTime": "0407/074835", "correlationVector":"k1dYcr7cmo9z56kPCUIbz1.161","action":"GetUpdates", "result":"DeleteReceived", "context":{"id":"6a398343-ad86-4c53-9bb9-52d9121a6cc8", "isDeleted:":"true", "version":"1680069333943"}}
{"logTime": "0407/074835", "correlationVector":"k1dYcr7cmo9z56kPCUIbz1.162","action":"GetUpdates", "result":"DeleteReceived", "context":{"id":"7df28d80-18fe-4abb-a5a2-536a787f1886", "isDeleted:":"true", "version":"1680069333944"}}
{"logTime": "0407/074835", "correlationVector":"k1dYcr7cmo9z56kPCUIbz1.163","action":"GetUpdates", "result":"DeleteReceived", "context":{"id":"00d71933-1cad-427d-86c7-1cc12dc831be", "isDeleted:":"true", "version":"1680069333945"}}
{"logTime": "0407/074835", "correlationVector":"k1dYcr7cmo9z56kPCUIbz1.164","action":"GetUpdates", "result":"DeleteReceived", "context":{"id":"3a8f50ab-40f2-4344-a67a-c83c6d242f6c", "isDeleted:":"true", "version":"1680070963016"}}
{"logTime": "0407/074835", "correlationVector":"k1dYcr7cmo9z56kPCUIbz1.165","action":"GetUpdates", "result":"DeleteReceived", "context":{"id":"dfa9aafa-c40c-44e2-9797-dd3145eb02b3", "isDeleted:":"true", "version":"1680070963017"}}
{"logTime": "0407/074835", "correlationVector":"k1dYcr7cmo9z56kPCUIbz1.166","action":"GetUpdates", "result":"DeleteReceived", "context":{"id":"3c0db32c-0998-4d6c-bb84-98951929a597", "isDeleted:":"true", "version":"1680070963018"}}
{"logTime": "0407/074835", "correlationVector":"k1dYcr7cmo9z56kPCUIbz1.167","action":"GetUpdates", "result":"DeleteReceived", "context":{"id":"9b09623d-2b8e-4141-a576-5462a0d14d3b", "isDeleted:":"true", "version":"1680075715594"}}
{"logTime": "0407/074835", "correlationVector":"k1dYcr7cmo9z56kPCUIbz1.168","action":"GetUpdates", "result":"DeleteReceived", "context":{"id":"854659f8-ad04-4346-aaf7-75e408c4fbd1", "isDeleted:":"true", "version":"1680075715595"}}
{"logTime": "0407/074835", "correlationVector":"k1dYcr7cmo9z56kPCUIbz1.169","action":"GetUpdates", "result":"DeleteReceived", "context":{"id":"2df2aa3c-40b6-4d0d-bfd4-3a3a3671c235", "isDeleted:":"true", "version":"1680076543133"}}
{"logTime": "0407/074835", "correlationVector":"k1dYcr7cmo9z56kPCUIbz1.170","action":"GetUpdates", "result":"DeleteReceived", "context":{"id":"6971bf24-8e3f-4f5f-8667-5ef4b99b1611", "isDeleted:":"true", "version":"1680078125711"}}
{"logTime": "0407/074835", "correlationVector":"k1dYcr7cmo9z56kPCUIbz1.171","action":"GetUpdates", "result":"DeleteReceived", "context":{"id":"9560729c-4e2d-41cf-82ba-a56d41cb2c3e", "isDeleted:":"true", "version":"1680078125712"}}
{"logTime": "0407/074835", "correlationVector":"k1dYcr7cmo9z56kPCUIbz1.172","action":"GetUpdates", "result":"DeleteReceived", "context":{"id":"c3037cea-8759-4af6-a29d-40743d0eedd5", "isDeleted:":"true", "version":"1680078125714"}}
{"logTime": "0407/074835", "correlationVector":"k1dYcr7cmo9z56kPCUIbz1.173","action":"GetUpdates", "result":"DeleteReceived", "context":{"id":"e0ee32e0-ee1d-4f26-9421-be454ea6b126", "isDeleted:":"true", "version":"1680078125715"}}
{"logTime": "0407/074835", "correlationVector":"k1dYcr7cmo9z56kPCUIbz1.174","action":"GetUpdates", "result":"DeleteReceived", "context":{"id":"ddce152d-8f5c-486f-82e4-e3723a41009f", "isDeleted:":"true", "version":"1680078125716"}}
{"logTime": "0407/074835", "correlationVector":"k1dYcr7cmo9z56kPCUIbz1.175","action":"GetUpdates", "result":"DeleteReceived", "context":{"id":"247ae9de-102b-4e99-8e83-869c81bdb04e", "isDeleted:":"true", "version":"1680078125717"}}
{"logTime": "0407/074835", "correlationVector":"k1dYcr7cmo9z56kPCUIbz1.176","action":"GetUpdates", "result":"DeleteReceived", "context":{"id":"c0d6f80e-3021-47ea-8cd1-c14bd60a7acb", "isDeleted:":"true", "version":"1680078157498"}}
{"logTime": "0407/074835", "correlationVector":"k1dYcr7cmo9z56kPCUIbz1.177","action":"GetUpdates", "result":"DeleteReceived", "context":{"id":"e29715e2-a937-4e7a-a234-ff9017d9ab6b", "isDeleted:":"true", "version":"1680078333685"}}
{"logTime": "0407/074835", "correlationVector":"k1dYcr7cmo9z56kPCUIbz1.178","action":"GetUpdates", "result":"DeleteReceived", "context":{"id":"4d437687-7ab4-4fca-a7c9-069d94daa33d", "isDeleted:":"true", "version":"1680078333686"}}
{"logTime": "0407/074835", "correlationVector":"k1dYcr7cmo9z56kPCUIbz1.179","action":"GetUpdates", "result":"DeleteReceived", "context":{"id":"44deba85-2ee7-4d02-b684-6960900798e8", "isDeleted:":"true", "version":"1680078333687"}}
{"logTime": "0407/074835", "correlationVector":"k1dYcr7cmo9z56kPCUIbz1.180","action":"GetUpdates", "result":"DeleteReceived", "context":{"id":"133c5bfe-2d66-4319-9d69-f84cb241596f", "isDeleted:":"true", "version":"1680078805060"}}
{"logTime": "0407/074835", "correlationVector":"k1dYcr7cmo9z56kPCUIbz1.181","action":"GetUpdates", "result":"DeleteReceived", "context":{"id":"8c635a6c-45c4-44a6-8287-39cad5c0e175", "isDeleted:":"true", "version":"1680083326765"}}
{"logTime": "0407/074835", "correlationVector":"k1dYcr7cmo9z56kPCUIbz1.182","action":"GetUpdates", "result":"DeleteReceived", "context":{"id":"3033eeaa-c921-48b3-85a8-533e0dc7568c", "isDeleted:":"true", "version":"1680083326766"}}
{"logTime": "0407/074835", "correlationVector":"k1dYcr7cmo9z56kPCUIbz1.183","action":"GetUpdates", "result":"DeleteReceived", "context":{"id":"59acf81d-53c3-4952-8973-a9dc619767d3", "isDeleted:":"true", "version":"1680083326767"}}
{"logTime": "0407/074835", "correlationVector":"k1dYcr7cmo9z56kPCUIbz1.184","action":"GetUpdates", "result":"DeleteReceived", "context":{"id":"c64fc071-3c40-4a42-9a6d-1b3d2f24f6c4", "isDeleted:":"true", "version":"1680083326768"}}
{"logTime": "0407/074835", "correlationVector":"k1dYcr7cmo9z56kPCUIbz1.185","action":"GetUpdates", "result":"DeleteReceived", "context":{"id":"51c5bb74-c245-4d92-897d-67caea1c8798", "isDeleted:":"true", "version":"1680085271449"}}
{"logTime": "0407/074835", "correlationVector":"k1dYcr7cmo9z56kPCUIbz1.186","action":"GetUpdates", "result":"DeleteReceived", "context":{"id":"35836cc2-1f70-49fa-a0f6-df611b06f467", "isDeleted:":"true", "version":"1680085271450"}}
{"logTime": "0407/074835", "correlationVector":"k1dYcr7cmo9z56kPCUIbz1.187","action":"GetUpdates", "result":"DeleteReceived", "context":{"id":"566146f4-034e-4b01-b51f-1180e373796e", "isDeleted:":"true", "version":"1680095845152"}}
{"logTime": "0407/074835", "correlationVector":"k1dYcr7cmo9z56kPCUIbz1.188","action":"GetUpdates", "result":"DeleteReceived", "context":{"id":"d9289740-c85d-4e23-bdca-fec74b59ec3a", "isDeleted:":"true", "version":"1680095845153"}}
{"logTime": "0407/074835", "correlationVector":"k1dYcr7cmo9z56kPCUIbz1.189","action":"GetUpdates", "result":"DeleteReceived", "context":{"id":"7692c506-bd61-4200-9b84-8309c05564c5", "isDeleted:":"true", "version":"1680097681733"}}
{"logTime": "0407/074835", "correlationVector":"k1dYcr7cmo9z56kPCUIbz1.190","action":"GetUpdates", "result":"DeleteReceived", "context":{"id":"2e749cca-1044-467e-b67a-c3229869515b", "isDeleted:":"true", "version":"1680097681735"}}
{"logTime": "0407/074835", "correlationVector":"k1dYcr7cmo9z56kPCUIbz1.191","action":"GetUpdates", "result":"DeleteReceived", "context":{"id":"e0515fc6-3168-4b1e-b748-066d9f4dadf2", "isDeleted:":"true", "version":"1680097681736"}}
{"logTime": "0407/074835", "correlationVector":"k1dYcr7cmo9z56kPCUIbz1.192","action":"GetUpdates", "result":"DeleteReceived", "context":{"id":"f688086d-c6a3-428a-8149-951a64c119f0", "isDeleted:":"true", "version":"1680097681737"}}
{"logTime": "0407/074835", "correlationVector":"k1dYcr7cmo9z56kPCUIbz1.193","action":"GetUpdates", "result":"DeleteReceived", "context":{"id":"ddb1df0c-93c3-40a9-ada1-6adb0e5503ba", "isDeleted:":"true", "version":"1680097681738"}}
{"logTime": "0407/074835", "correlationVector":"k1dYcr7cmo9z56kPCUIbz1.194","action":"GetUpdates", "result":"DeleteReceived", "context":{"id":"480d5c86-c59d-4402-a31a-05d4987a6074", "isDeleted:":"true", "version":"1680097881529"}}
{"logTime": "0407/074835", "correlationVector":"k1dYcr7cmo9z56kPCUIbz1.195","action":"GetUpdates", "result":"DeleteReceived", "context":{"id":"8a50216c-490a-44d4-9e64-c5f565695f4e", "isDeleted:":"true", "version":"1680097928276"}}
{"logTime": "0407/074835", "correlationVector":"k1dYcr7cmo9z56kPCUIbz1.196","action":"GetUpdates", "result":"DeleteReceived", "context":{"id":"7e999e44-bd47-4566-9fba-3d682a58974d", "isDeleted:":"true", "version":"1680097928277"}}
{"logTime": "0407/074835", "correlationVector":"k1dYcr7cmo9z56kPCUIbz1.197","action":"GetUpdates", "result":"DeleteReceived", "context":{"id":"e80bb2df-9374-47cd-a857-9c58f7efaacb", "isDeleted:":"true", "version":"1680099171188"}}
{"logTime": "0407/074835", "correlationVector":"k1dYcr7cmo9z56kPCUIbz1.198","action":"GetUpdates", "result":"DeleteReceived", "context":{"id":"d734969e-fd20-48c8-99bb-9aa6db263e6a", "isDeleted:":"true", "version":"1680099171189"}}
{"logTime": "0407/074835", "correlationVector":"k1dYcr7cmo9z56kPCUIbz1.199","action":"GetUpdates", "result":"DeleteReceived", "context":{"id":"d081f25e-21aa-43c8-b62c-5a0c356cd922", "isDeleted:":"true", "version":"1680099171190"}}
{"logTime": "0407/074835", "correlationVector":"k1dYcr7cmo9z56kPCUIbz1.200","action":"GetUpdates", "result":"DeleteReceived", "context":{"id":"503dcde0-9a37-4f3c-b35a-d4c89f7fe95d", "isDeleted:":"true", "version":"1680099171191"}}
{"logTime": "0407/074835", "correlationVector":"k1dYcr7cmo9z56kPCUIbz1.201","action":"GetUpdates", "result":"DeleteReceived", "context":{"id":"15c8f2ee-d5cc-4ea4-9e6c-f54a3a141383", "isDeleted:":"true", "version":"1680104154627"}}
{"logTime": "0407/074835", "correlationVector":"k1dYcr7cmo9z56kPCUIbz1.202","action":"GetUpdates", "result":"DeleteReceived", "context":{"id":"f43c218b-c3c9-4aab-a977-e29bb8af309b", "isDeleted:":"true", "version":"1680104154628"}}
{"logTime": "0407/074835", "correlationVector":"k1dYcr7cmo9z56kPCUIbz1.203","action":"GetUpdates", "result":"DeleteReceived", "context":{"id":"042a9580-4412-4adf-b385-4d8cc5fb2551", "isDeleted:":"true", "version":"1680104154629"}}
{"logTime": "0407/074835", "correlationVector":"k1dYcr7cmo9z56kPCUIbz1.204","action":"GetUpdates", "result":"DeleteReceived", "context":{"id":"19da997e-943e-4e02-ad8c-052c89607ab6", "isDeleted:":"true", "version":"1680104636308"}}
{"logTime": "0407/074835", "correlationVector":"k1dYcr7cmo9z56kPCUIbz1.205","action":"GetUpdates", "result":"DeleteReceived", "context":{"id":"ae3d118b-05a4-4c16-8da2-74c2d57e59cc", "isDeleted:":"true", "version":"1680146588756"}}
{"logTime": "0407/074835", "correlationVector":"k1dYcr7cmo9z56kPCUIbz1.206","action":"GetUpdates", "result":"DeleteReceived", "context":{"id":"cc7b6cb4-0951-4e6f-9a7d-b92cf991452d", "isDeleted:":"true", "version":"1680146588758"}}
{"logTime": "0407/074835", "correlationVector":"k1dYcr7cmo9z56kPCUIbz1.207","action":"GetUpdates", "result":"DeleteReceived", "context":{"id":"6f036fe7-6fea-4cdc-9711-46b0aea8e825", "isDeleted:":"true", "version":"1680146588759"}}
{"logTime": "0407/074835", "correlationVector":"k1dYcr7cmo9z56kPCUIbz1.208","action":"GetUpdates", "result":"DeleteReceived", "context":{"id":"24baa55a-18ef-4e0b-8205-d9133fbed4a4", "isDeleted:":"true", "version":"1680146588760"}}
{"logTime": "0407/074835", "correlationVector":"k1dYcr7cmo9z56kPCUIbz1.209","action":"GetUpdates", "result":"DeleteReceived", "context":{"id":"603f543f-4bae-4891-b333-1102e636eddf", "isDeleted:":"true", "version":"1680146588761"}}
{"logTime": "0407/074835", "correlationVector":"k1dYcr7cmo9z56kPCUIbz1.210","action":"GetUpdates", "result":"DeleteReceived", "context":{"id":"de404d5f-7c3d-483e-9862-1f788382dd6c", "isDeleted:":"true", "version":"1680146588763"}}
{"logTime": "0407/074835", "correlationVector":"k1dYcr7cmo9z56kPCUIbz1.211","action":"GetUpdates", "result":"DeleteReceived", "context":{"id":"e8388d0e-4356-4da9-953b-3b9046f5a064", "isDeleted:":"true", "version":"1680146588764"}}
{"logTime": "0407/074835", "correlationVector":"k1dYcr7cmo9z56kPCUIbz1.212","action":"GetUpdates", "result":"DeleteReceived", "context":{"id":"bb9d99f6-c023-48a2-a230-97ad15c7d026", "isDeleted:":"true", "version":"1680146588765"}}
{"logTime": "0407/074835", "correlationVector":"k1dYcr7cmo9z56kPCUIbz1.213","action":"GetUpdates", "result":"DeleteReceived", "context":{"id":"c8972441-6037-4a1d-a2eb-d55409c6e14f", "isDeleted:":"true", "version":"1680146927499"}}
{"logTime": "0407/074835", "correlationVector":"k1dYcr7cmo9z56kPCUIbz1.214","action":"GetUpdates", "result":"DeleteReceived", "context":{"id":"e3bb6192-5a0e-43db-867b-df6fcda1e124", "isDeleted:":"true", "version":"1680146927500"}}
{"logTime": "0407/074835", "correlationVector":"k1dYcr7cmo9z56kPCUIbz1.215","action":"GetUpdates", "result":"DeleteReceived", "context":{"id":"cc47141a-0b5f-4c22-8af8-9330b4fc13e3", "isDeleted:":"true", "version":"1680146927503"}}
{"logTime": "0407/074835", "correlationVector":"k1dYcr7cmo9z56kPCUIbz1.216","action":"GetUpdates", "result":"DeleteReceived", "context":{"id":"bf723213-c4c7-4a18-800c-21fcd35b9b0f", "isDeleted:":"true", "version":"1680148055194"}}
{"logTime": "0407/074835", "correlationVector":"k1dYcr7cmo9z56kPCUIbz1.217","action":"GetUpdates", "result":"DeleteReceived", "context":{"id":"b5b9bd6c-6241-4f68-9186-5b3576e7c178", "isDeleted:":"true", "version":"1680148055195"}}
{"logTime": "0407/074835", "correlationVector":"k1dYcr7cmo9z56kPCUIbz1.218","action":"GetUpdates", "result":"DeleteReceived", "context":{"id":"7bf0f314-7dcd-41ca-8a8b-7b9e9cd7ba3b", "isDeleted:":"true", "version":"1680148055196"}}
{"logTime": "0407/074835", "correlationVector":"k1dYcr7cmo9z56kPCUIbz1.219","action":"GetUpdates", "result":"DeleteReceived", "context":{"id":"a5d8b41b-0bf1-47ca-b79e-3afd43119f35", "isDeleted:":"true", "version":"1680148055197"}}
{"logTime": "0407/074835", "correlationVector":"k1dYcr7cmo9z56kPCUIbz1.220","action":"GetUpdates", "result":"DeleteReceived", "context":{"id":"869e4126-9503-44ed-b808-1fc997143d86", "isDeleted:":"true", "version":"1680148055198"}}
{"logTime": "0407/074835", "correlationVector":"k1dYcr7cmo9z56kPCUIbz1.221","action":"GetUpdates", "result":"DeleteReceived", "context":{"id":"7ee1f2ec-e0f4-4d2b-a7d5-7f0438a81512", "isDeleted:":"true", "version":"1680148055199"}}
{"logTime": "0407/074835", "correlationVector":"k1dYcr7cmo9z56kPCUIbz1.222","action":"GetUpdates", "result":"DeleteReceived", "context":{"id":"bb9bb5e2-4dae-4380-ba65-8643c6b1ebeb", "isDeleted:":"true", "version":"1680148055200"}}
{"logTime": "0407/074835", "correlationVector":"k1dYcr7cmo9z56kPCUIbz1.223","action":"GetUpdates", "result":"DeleteReceived", "context":{"id":"b27a6a49-086c-4922-9a5d-4ac5db349df4", "isDeleted:":"true", "version":"1680148055201"}}
{"logTime": "0407/074835", "correlationVector":"k1dYcr7cmo9z56kPCUIbz1.224","action":"GetUpdates", "result":"DeleteReceived", "context":{"id":"4acef0c7-b739-4e76-a410-c9d42d8a7a3b", "isDeleted:":"true", "version":"1680151548297"}}
{"logTime": "0407/074835", "correlationVector":"k1dYcr7cmo9z56kPCUIbz1.225","action":"GetUpdates", "result":"DeleteReceived", "context":{"id":"1afe4c98-6e04-450d-9d52-a73b75e66902", "isDeleted:":"true", "version":"1680151548298"}}
{"logTime": "0407/074835", "correlationVector":"k1dYcr7cmo9z56kPCUIbz1.226","action":"GetUpdates", "result":"DeleteReceived", "context":{"id":"382af193-2605-4945-a6da-73b83b365c34", "isDeleted:":"true", "version":"1680151548299"}}
{"logTime": "0407/074835", "correlationVector":"k1dYcr7cmo9z56kPCUIbz1.227","action":"GetUpdates", "result":"DeleteReceived", "context":{"id":"99eb1bff-dc96-446e-8d2a-e02339fcef7e", "isDeleted:":"true", "version":"1680151548300"}}
{"logTime": "0407/074835", "correlationVector":"k1dYcr7cmo9z56kPCUIbz1.228","action":"GetUpdates", "result":"DeleteReceived", "context":{"id":"2e94d7dd-ec0f-438f-b679-54050b87913d", "isDeleted:":"true", "version":"1680161820997"}}
{"logTime": "0407/074835", "correlationVector":"k1dYcr7cmo9z56kPCUIbz1.229","action":"GetUpdates", "result":"DeleteReceived", "context":{"id":"2a9cc749-a703-4b99-94ac-bb7833eaf1f9", "isDeleted:":"true", "version":"1680161820998"}}
{"logTime": "0407/074835", "correlationVector":"k1dYcr7cmo9z56kPCUIbz1.230","action":"GetUpdates", "result":"DeleteReceived", "context":{"id":"d04cf2bf-e1dc-4db8-b55a-45a8ba8c909d", "isDeleted:":"true", "version":"1680163989833"}}
{"logTime": "0407/074835", "correlationVector":"k1dYcr7cmo9z56kPCUIbz1.231","action":"GetUpdates Response", "result":"SERVER_MORE_TO_DOWNLOAD", "context":Received 250 update(s).  Some updates remain.}
{"logTime": "0407/074835", "correlationVector":"/vejbNZQh6scriBxL1oiKB","action":"Normal GetUpdate request", "result":"", "context":cV=/vejbNZQh6scriBxL1oiKB
Nudged types: Typed URLs, Sessions
Notified types: Typed URLs}
{"logTime": "0407/074835", "correlationVector":"/vejbNZQh6scriBxL1oiKB","action":"SyncServerConnectionManagerRequest", "result":"CONNECTION_UNAVAILABLE", "context":{"error_type":"net_error_code", "error_value":"-3"}}
